Max memory cannot be determined.  Attempting to use 3200 MB.
If this fails, please add the -Xmx flag (e.g. -Xmx24g) to your command, 
or run this program qsubbed or from a qlogin session on Genepool, or set ulimit to an appropriate value.
java -Djava.library.path=/Users/Jincheng/local/bbmap/jni/ -ea -Xmx3200m -cp /Users/Jincheng/local/bbmap/current/ align2.BBWrap build=1 overwrite=true fastareadlen=500 in=1-QF-PE150/Bei-3_1U.fastq.gz,1-QF-PE150/Bei-3_2U.fastq.gz maxindel=20 minid=0.76 outm=2-Map-PE150/Bei-3_mapped_1U.sam,2-Map-PE150/Bei-3_mapped_2U.sam printunmappedcount=t
Executing align2.BBWrap [build=1, overwrite=true, fastareadlen=500, in=1-QF-PE150/Bei-3_1U.fastq.gz,1-QF-PE150/Bei-3_2U.fastq.gz, maxindel=20, minid=0.76, outm=2-Map-PE150/Bei-3_mapped_1U.sam,2-Map-PE150/Bei-3_mapped_2U.sam, printunmappedcount=t]

Executing align2.BBMap [build=1, overwrite=true, fastareadlen=500, maxindel=20, minid=0.76, printunmappedcount=t, in=1-QF-PE150/Bei-3_1U.fastq.gz, outm=2-Map-PE150/Bei-3_mapped_1U.sam]
Version 37.87 [build=1, overwrite=true, fastareadlen=500, maxindel=20, minid=0.76, printunmappedcount=t, in=1-QF-PE150/Bei-3_1U.fastq.gz, outm=2-Map-PE150/Bei-3_mapped_1U.sam]

Retaining first best site only for ambiguous mappings.
Set MINIMUM_ALIGNMENT_SCORE_RATIO to 0.559
Set genome to 1

Loaded Reference:	1.189 seconds.
Loading index for chunk 1-1, build 1
Generated Index:	1.082 seconds.
Analyzed Index:   	2.025 seconds.
Started output stream:	0.091 seconds.
Cleared Memory:    	0.125 seconds.
Processing reads in single-ended mode.
Started read stream.
Started 4 mapping threads.
Detecting finished threads: 0, 1, 2, 3

   ------------------   Results   ------------------   

Genome:                	1
Key Length:            	13
Max Indel:             	20
Minimum Score Ratio:  	0.55888
Mapping Mode:         	normal
Reads Used:           	828922	(108745778 bases)

Mapping:          	937.530 seconds.
Reads/sec:       	884.15
kBases/sec:      	115.99

unmapped:        	 26.9616% 	   223491 	 26.8084% 	    29153020


Read 1 data:      	pct reads	num reads 	pct bases	   num bases

mapped:          	 73.0384% 	   605431 	 73.1916% 	    79592758
unambiguous:     	 11.7005% 	    96988 	 12.0734% 	    13129342
ambiguous:       	 61.3379% 	   508443 	 61.1182% 	    66463416
low-Q discards:  	  0.0000% 	        0 	  0.0000% 	           0

perfect best site:	 44.4366% 	   368345 	 44.2932% 	    48167000
semiperfect site:	 46.4796% 	   385280 	 46.2914% 	    50339950

Match Rate:      	      NA 	       NA 	 97.5944% 	    77699658
Error Rate:      	 35.7966% 	   223790 	  1.2731% 	     1013616
Sub Rate:        	 35.7421% 	   223449 	  1.2245% 	      974846
Del Rate:        	  2.4219% 	    15141 	  0.0278% 	       22121
Ins Rate:        	  1.6608% 	    10383 	  0.0209% 	       16649
N Rate:          	  6.5118% 	    40710 	  1.1325% 	      901605

Total time:     	942.118 seconds.
Executing align2.BBMap [build=1, overwrite=true, fastareadlen=500, maxindel=20, minid=0.76, printunmappedcount=t, indexloaded=t, in=1-QF-PE150/Bei-3_2U.fastq.gz, outm=2-Map-PE150/Bei-3_mapped_2U.sam]
Version 37.87 [build=1, overwrite=true, fastareadlen=500, maxindel=20, minid=0.76, printunmappedcount=t, indexloaded=t, in=1-QF-PE150/Bei-3_2U.fastq.gz, outm=2-Map-PE150/Bei-3_mapped_2U.sam]

Retaining first best site only for ambiguous mappings.
Set MINIMUM_ALIGNMENT_SCORE_RATIO to 0.559
Started output stream:	0.040 seconds.
Cleared Memory:    	0.187 seconds.
Processing reads in single-ended mode.
Started read stream.
Started 4 mapping threads.
Detecting finished threads: 0, 1, 2, 3

   ------------------   Results   ------------------   

Genome:                	1
Key Length:            	13
Max Indel:             	20
Minimum Score Ratio:  	0.55888
Mapping Mode:         	normal
Reads Used:           	12452	(1285660 bases)

Mapping:          	13.076 seconds.
Reads/sec:       	952.28
kBases/sec:      	98.32

unmapped:        	 25.0964% 	     3125 	 24.8710% 	      319756


Read 1 data:      	pct reads	num reads 	pct bases	   num bases

mapped:          	 74.9036% 	     9327 	 75.1290% 	      965904
unambiguous:     	  6.9788% 	      869 	  7.2351% 	       93019
ambiguous:       	 67.9248% 	     8458 	 67.8939% 	      872885
low-Q discards:  	  0.0000% 	        0 	  0.0000% 	           0

perfect best site:	 47.1009% 	     5865 	 47.6289% 	      612346
semiperfect site:	 48.7472% 	     6070 	 49.2260% 	      632879

Match Rate:      	      NA 	       NA 	 98.1084% 	      947825
Error Rate:      	 34.1189% 	     3243 	  1.0688% 	       10326
Sub Rate:        	 34.0978% 	     3241 	  1.0342% 	        9991
Del Rate:        	  1.1468% 	      109 	  0.0203% 	         196
Ins Rate:        	  0.9363% 	       89 	  0.0144% 	         139
N Rate:          	  5.3866% 	      512 	  0.8228% 	        7949

Total time:     	13.307 seconds.
