Max memory cannot be determined.  Attempting to use 3200 MB.
If this fails, please add the -Xmx flag (e.g. -Xmx24g) to your command, 
or run this program qsubbed or from a qlogin session on Genepool, or set ulimit to an appropriate value.
java -Djava.library.path=/Users/wangj50/local/bbmap/jni/ -ea -Xmx3200m -cp /Users/wangj50/local/bbmap/current/ align2.BBMap build=1 overwrite=true fastareadlen=500 in=1-QF-PE150/Bei-2_1P.fastq.gz in2=1-QF-PE150/Bei-2_2P.fastq.gz maxindel=20 minid=0.76 rcs=t killbadpairs=t pairlen=400 rescuedist=600 apd=100 outu=2-Map-PE150/Bei-2_unmapped.sam outm=2-Map-PE150/Bei-2_mapped.sam printunmappedcount=t covstats=2-Map-PE150/Bei-2.cov.txt
Executing align2.BBMap [build=1, overwrite=true, fastareadlen=500, in=1-QF-PE150/Bei-2_1P.fastq.gz, in2=1-QF-PE150/Bei-2_2P.fastq.gz, maxindel=20, minid=0.76, rcs=t, killbadpairs=t, pairlen=400, rescuedist=600, apd=100, outu=2-Map-PE150/Bei-2_unmapped.sam, outm=2-Map-PE150/Bei-2_mapped.sam, printunmappedcount=t, covstats=2-Map-PE150/Bei-2.cov.txt]
Version 37.78 [build=1, overwrite=true, fastareadlen=500, in=1-QF-PE150/Bei-2_1P.fastq.gz, in2=1-QF-PE150/Bei-2_2P.fastq.gz, maxindel=20, minid=0.76, rcs=t, killbadpairs=t, pairlen=400, rescuedist=600, apd=100, outu=2-Map-PE150/Bei-2_unmapped.sam, outm=2-Map-PE150/Bei-2_mapped.sam, printunmappedcount=t, covstats=2-Map-PE150/Bei-2.cov.txt]

Retaining first best site only for ambiguous mappings.
Set MINIMUM_ALIGNMENT_SCORE_RATIO to 0.559
Set genome to 1

Loaded Reference:	1.118 seconds.
Loading index for chunk 1-1, build 1
Generated Index:	0.834 seconds.
Analyzed Index:   	2.142 seconds.
Started output stream:	0.439 seconds.
Started output stream:	0.009 seconds.
Cleared Memory:    	0.231 seconds.
Processing reads in paired-ended mode.
Started read stream.
Started 4 mapping threads.
Detecting finished threads: 0, 1, 2, 3

   ------------------   Results   ------------------   

Genome:                	1
Key Length:            	13
Max Indel:             	20
Minimum Score Ratio:  	0.55888
Mapping Mode:         	normal
Reads Used:           	609296	(77916763 bases)

Mapping:          	867.756 seconds.
Reads/sec:       	702.15
kBases/sec:      	89.79


Pairing data:   	pct pairs	num pairs 	pct bases	   num bases

mated pairs:     	 50.9227% 	   155135 	 57.1952% 	    44564674
bad pairs:       	  0.0276% 	       84 	  0.0315% 	       24550
insert size avg: 	  403.06
unmapped:        	 19.1772% 	   116846 	 19.1944% 	    14955672


Read 1 data:      	pct reads	num reads 	pct bases	   num bases

mapped:          	 66.8046% 	   203519 	 66.9567% 	    29193266
unambiguous:     	 21.6492% 	    65954 	 21.8808% 	     9540093
ambiguous:       	 45.1554% 	   137565 	 45.0758% 	    19653173
low-Q discards:  	  0.0000% 	        0 	  0.0000% 	           0

perfect best site:	 45.2952% 	   137991 	 45.3368% 	    19766931
semiperfect site:	 49.7725% 	   151631 	 49.8171% 	    21720371
rescued:         	  1.2460% 	     3796

Match Rate:      	      NA 	       NA 	 97.8036% 	    28556782
Error Rate:      	 27.6175% 	    59159 	  0.6609% 	      192972
Sub Rate:        	 27.5102% 	    58929 	  0.6056% 	      176819
Del Rate:        	  1.0639% 	     2279 	  0.0165% 	        4819
Ins Rate:        	  0.9659% 	     2069 	  0.0388% 	       11334
N Rate:          	  7.3321% 	    15706 	  1.5355% 	      448331


Read 2 data:      	pct reads	num reads 	pct bases	   num bases

mapped:          	 64.9684% 	   197925 	 65.2929% 	    22406245
unambiguous:     	 20.5499% 	    62605 	 21.0429% 	     7221190
ambiguous:       	 44.4185% 	   135320 	 44.2500% 	    15185055
low-Q discards:  	  0.0000% 	        0 	  0.0000% 	           0

perfect best site:	 42.7277% 	   130169 	 42.6202% 	    14625765
semiperfect site:	 46.8485% 	   142723 	 46.7603% 	    16046526
rescued:         	  2.4172% 	     7364

Match Rate:      	      NA 	       NA 	 98.0315% 	    21968602
Error Rate:      	 28.1349% 	    61710 	  0.7815% 	      175122
Sub Rate:        	 28.0255% 	    61470 	  0.7337% 	      164412
Del Rate:        	  0.7067% 	     1550 	  0.0156% 	        3499
Ins Rate:        	  0.6775% 	     1486 	  0.0322% 	        7211
N Rate:          	  5.8536% 	    12839 	  1.1871% 	      266020

Reads:                               	609296
Mapped reads:                        	401444
Mapped bases:                        	51599511
Ref scaffolds:                       	99322
Ref bases:                           	142290491

Percent mapped:                      	65.887
Percent proper pairs:                	50.923
Average coverage:                    	0.363
Standard deviation:                    	16.502
Percent scaffolds with any coverage: 	3.99
Percent of reference bases covered:  	1.08

Total time:     	873.935 seconds.
