Max memory cannot be determined.  Attempting to use 3200 MB.
If this fails, please add the -Xmx flag (e.g. -Xmx24g) to your command, 
or run this program qsubbed or from a qlogin session on Genepool, or set ulimit to an appropriate value.
java -Djava.library.path=/Users/wangj50/local/bbmap/jni/ -ea -Xmx3200m -cp /Users/wangj50/local/bbmap/current/ align2.BBMap build=1 overwrite=true fastareadlen=500 in=1-QF-PE150/BEI-mock_1P.fastq.gz in2=1-QF-PE150/BEI-mock_2P.fastq.gz maxindel=20 minid=0.76 rcs=t killbadpairs=t pairlen=400 rescuedist=600 apd=100 outu=2-Map-PE150/BEI-mock_unmapped.sam outm=2-Map-PE150/BEI-mock_mapped.sam printunmappedcount=t covstats=2-Map-PE150/BEI-mock.cov.txt
Executing align2.BBMap [build=1, overwrite=true, fastareadlen=500, in=1-QF-PE150/BEI-mock_1P.fastq.gz, in2=1-QF-PE150/BEI-mock_2P.fastq.gz, maxindel=20, minid=0.76, rcs=t, killbadpairs=t, pairlen=400, rescuedist=600, apd=100, outu=2-Map-PE150/BEI-mock_unmapped.sam, outm=2-Map-PE150/BEI-mock_mapped.sam, printunmappedcount=t, covstats=2-Map-PE150/BEI-mock.cov.txt]
Version 37.78 [build=1, overwrite=true, fastareadlen=500, in=1-QF-PE150/BEI-mock_1P.fastq.gz, in2=1-QF-PE150/BEI-mock_2P.fastq.gz, maxindel=20, minid=0.76, rcs=t, killbadpairs=t, pairlen=400, rescuedist=600, apd=100, outu=2-Map-PE150/BEI-mock_unmapped.sam, outm=2-Map-PE150/BEI-mock_mapped.sam, printunmappedcount=t, covstats=2-Map-PE150/BEI-mock.cov.txt]

Retaining first best site only for ambiguous mappings.
Set MINIMUM_ALIGNMENT_SCORE_RATIO to 0.559
Set genome to 1

Loaded Reference:	1.371 seconds.
Loading index for chunk 1-1, build 1
Generated Index:	0.829 seconds.
Analyzed Index:   	2.140 seconds.
Started output stream:	0.308 seconds.
Started output stream:	0.009 seconds.
Cleared Memory:    	0.234 seconds.
Processing reads in paired-ended mode.
Started read stream.
Started 4 mapping threads.
Detecting finished threads: 0, 1, 2, 3

   ------------------   Results   ------------------   

Genome:                	1
Key Length:            	13
Max Indel:             	20
Minimum Score Ratio:  	0.55888
Mapping Mode:         	normal
Reads Used:           	6260110	(841785622 bases)

Mapping:          	17231.185 seconds.
Reads/sec:       	363.30
kBases/sec:      	48.85


Pairing data:   	pct pairs	num pairs 	pct bases	   num bases

mated pairs:     	 67.9750% 	  2127656 	 73.2809% 	   616868412
bad pairs:       	  0.4572% 	    14311 	  0.5026% 	     4231006
insert size avg: 	  302.06
unmapped:        	 11.1922% 	   700646 	 11.1214% 	    93618766


Read 1 data:      	pct reads	num reads 	pct bases	   num bases

mapped:          	 79.4323% 	  2486274 	 79.5108% 	   360077239
unambiguous:     	 21.7698% 	   681408 	 21.8894% 	    99129366
ambiguous:       	 57.6624% 	  1804866 	 57.6215% 	   260947873
low-Q discards:  	  0.0000% 	        0 	  0.0000% 	           0

perfect best site:	 53.6909% 	  1680556 	 53.6517% 	   242970098
semiperfect site:	 59.4692% 	  1861419 	 59.4674% 	   269307410
rescued:         	  1.3775% 	    43118

Match Rate:      	      NA 	       NA 	 96.9005% 	   349172844
Error Rate:      	 27.0318% 	   700357 	  1.2478% 	     4496377
Sub Rate:        	 26.7252% 	   692413 	  0.7628% 	     2748854
Del Rate:        	  1.5064% 	    39028 	  0.0733% 	      264229
Ins Rate:        	  4.4893% 	   116313 	  0.4116% 	     1483294
N Rate:          	  8.0837% 	   209438 	  1.8516% 	     6672247


Read 2 data:      	pct reads	num reads 	pct bases	   num bases

mapped:          	 77.8077% 	  2435425 	 78.3010% 	   304528149
unambiguous:     	 20.0400% 	   627264 	 20.3262% 	    79052467
ambiguous:       	 57.7677% 	  1808161 	 57.9748% 	   225475682
low-Q discards:  	  0.0000% 	        1 	  0.0000% 	          79

perfect best site:	 51.2426% 	  1603921 	 50.8425% 	   197736458
semiperfect site:	 56.3705% 	  1764428 	 56.1114% 	   218228323
rescued:         	  1.9858% 	    62158

Match Rate:      	      NA 	       NA 	 96.9691% 	   295602239
Error Rate:      	 27.6653% 	   721751 	  1.3447% 	     4099304
Sub Rate:        	 27.3641% 	   713894 	  0.8700% 	     2652025
Del Rate:        	  1.5035% 	    39224 	  0.1029% 	      313587
Ins Rate:        	  3.6868% 	    96185 	  0.3719% 	     1133692
N Rate:          	  7.7649% 	   202576 	  1.6862% 	     5140193

Reads:                               	6260110
Mapped reads:                        	4921699
Mapped bases:                        	664605388
Ref scaffolds:                       	99322
Ref bases:                           	142290491

Percent mapped:                      	78.620
Percent proper pairs:                	67.975
Average coverage:                    	4.671
Standard deviation:                    	197.599
Percent scaffolds with any coverage: 	8.13
Percent of reference bases covered:  	1.96

Total time:     	17237.569 seconds.
