Max memory cannot be determined.  Attempting to use 3200 MB.
If this fails, please add the -Xmx flag (e.g. -Xmx24g) to your command, 
or run this program qsubbed or from a qlogin session on Genepool, or set ulimit to an appropriate value.
java -Djava.library.path=/Users/wangj50/local/bbmap/jni/ -ea -Xmx3200m -cp /Users/wangj50/local/bbmap/current/ align2.BBMap build=1 overwrite=true fastareadlen=500 in=1-QF-PE150/JW-S14_1P.fastq.gz in2=1-QF-PE150/JW-S14_2P.fastq.gz maxindel=20 minid=0.76 rcs=t killbadpairs=t pairlen=400 rescuedist=600 apd=100 outu=2-Map-PE150/JW-S14_unmapped.sam outm=2-Map-PE150/JW-S14_mapped.sam printunmappedcount=t covstats=2-Map-PE150/JW-S14.cov.txt
Executing align2.BBMap [build=1, overwrite=true, fastareadlen=500, in=1-QF-PE150/JW-S14_1P.fastq.gz, in2=1-QF-PE150/JW-S14_2P.fastq.gz, maxindel=20, minid=0.76, rcs=t, killbadpairs=t, pairlen=400, rescuedist=600, apd=100, outu=2-Map-PE150/JW-S14_unmapped.sam, outm=2-Map-PE150/JW-S14_mapped.sam, printunmappedcount=t, covstats=2-Map-PE150/JW-S14.cov.txt]
Version 37.78 [build=1, overwrite=true, fastareadlen=500, in=1-QF-PE150/JW-S14_1P.fastq.gz, in2=1-QF-PE150/JW-S14_2P.fastq.gz, maxindel=20, minid=0.76, rcs=t, killbadpairs=t, pairlen=400, rescuedist=600, apd=100, outu=2-Map-PE150/JW-S14_unmapped.sam, outm=2-Map-PE150/JW-S14_mapped.sam, printunmappedcount=t, covstats=2-Map-PE150/JW-S14.cov.txt]

Retaining first best site only for ambiguous mappings.
Set MINIMUM_ALIGNMENT_SCORE_RATIO to 0.559
Set genome to 1

Loaded Reference:	1.110 seconds.
Loading index for chunk 1-1, build 1
Generated Index:	0.826 seconds.
Analyzed Index:   	2.149 seconds.
Started output stream:	0.287 seconds.
Started output stream:	0.012 seconds.
Cleared Memory:    	0.257 seconds.
Processing reads in paired-ended mode.
Started read stream.
Started 4 mapping threads.
Detecting finished threads: 0, 1, 2, 3

   ------------------   Results   ------------------   

Genome:                	1
Key Length:            	13
Max Indel:             	20
Minimum Score Ratio:  	0.55888
Mapping Mode:         	normal
Reads Used:           	1236048	(160259214 bases)

Mapping:          	2161.236 seconds.
Reads/sec:       	571.92
kBases/sec:      	74.15


Pairing data:   	pct pairs	num pairs 	pct bases	   num bases

mated pairs:     	 54.7403% 	   338308 	 60.7960% 	    97431208
bad pairs:       	  0.0108% 	       67 	  0.0121% 	       19392
insert size avg: 	  384.86
unmapped:        	 17.8726% 	   220914 	 17.6454% 	    28278447


Read 1 data:      	pct reads	num reads 	pct bases	   num bases

mapped:          	 68.9020% 	   425831 	 69.1361% 	    61282384
unambiguous:     	 35.1933% 	   217503 	 35.4360% 	    31410521
ambiguous:       	 33.7087% 	   208328 	 33.7001% 	    29871863
low-Q discards:  	  0.0000% 	        0 	  0.0000% 	           0

perfect best site:	 39.9624% 	   246977 	 40.0352% 	    35487327
semiperfect site:	 43.4723% 	   268669 	 43.5476% 	    38600721
rescued:         	  1.6148% 	     9980

Match Rate:      	      NA 	       NA 	 97.6689% 	    59861313
Error Rate:      	 37.8011% 	   171446 	  0.8468% 	      518990
Sub Rate:        	 37.6033% 	   170549 	  0.8088% 	      495721
Del Rate:        	  0.6603% 	     2995 	  0.0125% 	        7639
Ins Rate:        	  1.0526% 	     4774 	  0.0255% 	       15630
N Rate:          	  6.4423% 	    29219 	  1.4843% 	      909720


Read 2 data:      	pct reads	num reads 	pct bases	   num bases

mapped:          	 67.9765% 	   420111 	 68.5096% 	    49065843
unambiguous:     	 33.5508% 	   207352 	 34.1207% 	    24436883
ambiguous:       	 34.4257% 	   212759 	 34.3889% 	    24628960
low-Q discards:  	  0.0000% 	        0 	  0.0000% 	           0

perfect best site:	 39.2155% 	   242361 	 39.1433% 	    28034038
semiperfect site:	 42.8294% 	   264696 	 42.7227% 	    30597564
rescued:         	  2.7501% 	    16996

Match Rate:      	      NA 	       NA 	 97.9579% 	    48070875
Error Rate:      	 36.6129% 	   169355 	  0.9494% 	      465880
Sub Rate:        	 36.4331% 	   168523 	  0.9063% 	      444726
Del Rate:        	  0.5958% 	     2756 	  0.0145% 	        7127
Ins Rate:        	  0.9404% 	     4350 	  0.0286% 	       14027
N Rate:          	  5.4951% 	    25418 	  1.0927% 	      536215

Reads:                               	1236048
Mapped reads:                        	845942
Mapped bases:                        	110348227
Ref scaffolds:                       	99322
Ref bases:                           	142290491

Percent mapped:                      	68.439
Percent proper pairs:                	54.740
Average coverage:                    	0.776
Standard deviation:                    	49.571
Percent scaffolds with any coverage: 	7.25
Percent of reference bases covered:  	2.02

Total time:     	2167.635 seconds.
