TrimmomaticPE: Started with arguments:
 -threads 4 -phred33 ../../02-Data/SCap/PE150/16Scap_22_TTCGTTGG-ACTCGTTG__R1_001.fastq.gz ../../02-Data/SCap/PE150/16Scap_22_TTCGTTGG-ACTCGTTG__R2_001.fastq.gz -baseout 1-QF-PE150/22.fastq.gz SLIDINGWINDOW:3:20 MINLEN:75
Using templated Output files: 1-QF-PE150/22_1P.fastq.gz 1-QF-PE150/22_1U.fastq.gz 1-QF-PE150/22_2P.fastq.gz 1-QF-PE150/22_2U.fastq.gz
Input Read Pairs: 1086077 Both Surviving: 687407 (63.29%) Forward Only Surviving: 223800 (20.61%) Reverse Only Surviving: 82799 (7.62%) Dropped: 92071 (8.48%)
TrimmomaticPE: Completed successfully

TrimmomaticPE: Started with arguments:
 -threads 4 -phred33 ../../02-Data/SCap/PE150/16Scap_31_TGGAGAGT-AAGTCGAG__R1_001.fastq.gz ../../02-Data/SCap/PE150/16Scap_31_TGGAGAGT-AAGTCGAG__R2_001.fastq.gz -baseout 1-QF-PE150/31.fastq.gz SLIDINGWINDOW:3:20 MINLEN:75
Using templated Output files: 1-QF-PE150/31_1P.fastq.gz 1-QF-PE150/31_1U.fastq.gz 1-QF-PE150/31_2P.fastq.gz 1-QF-PE150/31_2U.fastq.gz
Input Read Pairs: 1067718 Both Surviving: 711953 (66.68%) Forward Only Surviving: 207962 (19.48%) Reverse Only Surviving: 70897 (6.64%) Dropped: 76906 (7.20%)
TrimmomaticPE: Completed successfully

TrimmomaticPE: Started with arguments:
 -threads 4 -phred33 ../../02-Data/SCap/PE150/16Scap_34_TCAGACGA-CACCACTA__R1_001.fastq.gz ../../02-Data/SCap/PE150/16Scap_34_TCAGACGA-CACCACTA__R2_001.fastq.gz -baseout 1-QF-PE150/34.fastq.gz SLIDINGWINDOW:3:20 MINLEN:75
Using templated Output files: 1-QF-PE150/34_1P.fastq.gz 1-QF-PE150/34_1U.fastq.gz 1-QF-PE150/34_2P.fastq.gz 1-QF-PE150/34_2U.fastq.gz
Input Read Pairs: 1194946 Both Surviving: 735402 (61.54%) Forward Only Surviving: 342891 (28.70%) Reverse Only Surviving: 36489 (3.05%) Dropped: 80164 (6.71%)
TrimmomaticPE: Completed successfully

TrimmomaticPE: Started with arguments:
 -threads 4 -phred33 ../../02-Data/SCap/PE150/16Scap_37_GACGAATG-CCGTATCT__R1_001.fastq.gz ../../02-Data/SCap/PE150/16Scap_37_GACGAATG-CCGTATCT__R2_001.fastq.gz -baseout 1-QF-PE150/37.fastq.gz SLIDINGWINDOW:3:20 MINLEN:75
Using templated Output files: 1-QF-PE150/37_1P.fastq.gz 1-QF-PE150/37_1U.fastq.gz 1-QF-PE150/37_2P.fastq.gz 1-QF-PE150/37_2U.fastq.gz
Input Read Pairs: 1806700 Both Surviving: 979144 (54.20%) Forward Only Surviving: 540216 (29.90%) Reverse Only Surviving: 111270 (6.16%) Dropped: 176070 (9.75%)
TrimmomaticPE: Completed successfully

TrimmomaticPE: Started with arguments:
 -threads 4 -phred33 ../../02-Data/SCap/PE150/16Scap_41_CATGAGGA-TGGAGAGT__R1_001.fastq.gz ../../02-Data/SCap/PE150/16Scap_41_CATGAGGA-TGGAGAGT__R2_001.fastq.gz -baseout 1-QF-PE150/41.fastq.gz SLIDINGWINDOW:3:20 MINLEN:75
Using templated Output files: 1-QF-PE150/41_1P.fastq.gz 1-QF-PE150/41_1U.fastq.gz 1-QF-PE150/41_2P.fastq.gz 1-QF-PE150/41_2U.fastq.gz
Input Read Pairs: 2301360 Both Surviving: 1312278 (57.02%) Forward Only Surviving: 562767 (24.45%) Reverse Only Surviving: 190048 (8.26%) Dropped: 236267 (10.27%)
TrimmomaticPE: Completed successfully

TrimmomaticPE: Started with arguments:
 -threads 4 -phred33 ../../02-Data/SCap/PE150/16Scap_6_CGATAGAG-TTCTCTCG__R1_001.fastq.gz ../../02-Data/SCap/PE150/16Scap_6_CGATAGAG-TTCTCTCG__R2_001.fastq.gz -baseout 1-QF-PE150/6.fastq.gz SLIDINGWINDOW:3:20 MINLEN:75
Using templated Output files: 1-QF-PE150/6_1P.fastq.gz 1-QF-PE150/6_1U.fastq.gz 1-QF-PE150/6_2P.fastq.gz 1-QF-PE150/6_2U.fastq.gz
Input Read Pairs: 995955 Both Surviving: 714322 (71.72%) Forward Only Surviving: 218678 (21.96%) Reverse Only Surviving: 20114 (2.02%) Dropped: 42841 (4.30%)
TrimmomaticPE: Completed successfully

TrimmomaticPE: Started with arguments:
 -threads 4 -phred33 ../../02-Data/SCap/PE150/16Scap_Bei_11_TAGTGACC-ACAGCAAC__R1_001.fastq.gz ../../02-Data/SCap/PE150/16Scap_Bei_11_TAGTGACC-ACAGCAAC__R2_001.fastq.gz -baseout 1-QF-PE150/Bei.fastq.gz SLIDINGWINDOW:3:20 MINLEN:75
Using templated Output files: 1-QF-PE150/Bei_1P.fastq.gz 1-QF-PE150/Bei_1U.fastq.gz 1-QF-PE150/Bei_2P.fastq.gz 1-QF-PE150/Bei_2U.fastq.gz
Input Read Pairs: 657422 Both Surviving: 366185 (55.70%) Forward Only Surviving: 247385 (37.63%) Reverse Only Surviving: 6115 (0.93%) Dropped: 37737 (5.74%)
TrimmomaticPE: Completed successfully

TrimmomaticPE: Started with arguments:
 -threads 4 -phred33 ../../02-Data/SCap/PE150/16Scap_Bei_12_TAGTGACC-AGTCGACA__R1_001.fastq.gz ../../02-Data/SCap/PE150/16Scap_Bei_12_TAGTGACC-AGTCGACA__R2_001.fastq.gz -baseout 1-QF-PE150/Bei.fastq.gz SLIDINGWINDOW:3:20 MINLEN:75
Using templated Output files: 1-QF-PE150/Bei_1P.fastq.gz 1-QF-PE150/Bei_1U.fastq.gz 1-QF-PE150/Bei_2P.fastq.gz 1-QF-PE150/Bei_2U.fastq.gz
Input Read Pairs: 806005 Both Surviving: 442249 (54.87%) Forward Only Surviving: 307660 (38.17%) Reverse Only Surviving: 7982 (0.99%) Dropped: 48114 (5.97%)
TrimmomaticPE: Completed successfully

TrimmomaticPE: Started with arguments:
 -threads 4 -phred33 ../../02-Data/SCap/PE150/16Scap_Bei_13_TAGTGACC-GTTAGACG__R1_001.fastq.gz ../../02-Data/SCap/PE150/16Scap_Bei_13_TAGTGACC-GTTAGACG__R2_001.fastq.gz -baseout 1-QF-PE150/Bei.fastq.gz SLIDINGWINDOW:3:20 MINLEN:75
Using templated Output files: 1-QF-PE150/Bei_1P.fastq.gz 1-QF-PE150/Bei_1U.fastq.gz 1-QF-PE150/Bei_2P.fastq.gz 1-QF-PE150/Bei_2U.fastq.gz
Input Read Pairs: 879595 Both Surviving: 485706 (55.22%) Forward Only Surviving: 335101 (38.10%) Reverse Only Surviving: 8169 (0.93%) Dropped: 50619 (5.75%)
TrimmomaticPE: Completed successfully

TrimmomaticPE: Started with arguments:
 -threads 4 -phred33 ../../02-Data/SCap/PE150/16Scap_Bei_14_TAGTGACC-CCAGTGTT__R1_001.fastq.gz ../../02-Data/SCap/PE150/16Scap_Bei_14_TAGTGACC-CCAGTGTT__R2_001.fastq.gz -baseout 1-QF-PE150/Bei.fastq.gz SLIDINGWINDOW:3:20 MINLEN:75
Using templated Output files: 1-QF-PE150/Bei_1P.fastq.gz 1-QF-PE150/Bei_1U.fastq.gz 1-QF-PE150/Bei_2P.fastq.gz 1-QF-PE150/Bei_2U.fastq.gz
Input Read Pairs: 922694 Both Surviving: 522789 (56.66%) Forward Only Surviving: 339702 (36.82%) Reverse Only Surviving: 9311 (1.01%) Dropped: 50892 (5.52%)
TrimmomaticPE: Completed successfully

TrimmomaticPE: Started with arguments:
 -threads 4 -phred33 ../../02-Data/SCap/PE150/16Scap_Bei_1_CAGCGATT-TCTGAGAG__R1_001.fastq.gz ../../02-Data/SCap/PE150/16Scap_Bei_1_CAGCGATT-TCTGAGAG__R2_001.fastq.gz -baseout 1-QF-PE150/Bei.fastq.gz SLIDINGWINDOW:3:20 MINLEN:75
Using templated Output files: 1-QF-PE150/Bei_1P.fastq.gz 1-QF-PE150/Bei_1U.fastq.gz 1-QF-PE150/Bei_2P.fastq.gz 1-QF-PE150/Bei_2U.fastq.gz
Input Read Pairs: 948878 Both Surviving: 319371 (33.66%) Forward Only Surviving: 549805 (57.94%) Reverse Only Surviving: 5520 (0.58%) Dropped: 74182 (7.82%)
TrimmomaticPE: Completed successfully

TrimmomaticPE: Started with arguments:
 -threads 4 -phred33 ../../02-Data/SCap/PE150/16Scap_Bei_2_CAGCGATT-AAGTCCGT__R1_001.fastq.gz ../../02-Data/SCap/PE150/16Scap_Bei_2_CAGCGATT-AAGTCCGT__R2_001.fastq.gz -baseout 1-QF-PE150/Bei.fastq.gz SLIDINGWINDOW:3:20 MINLEN:75
Using templated Output files: 1-QF-PE150/Bei_1P.fastq.gz 1-QF-PE150/Bei_1U.fastq.gz 1-QF-PE150/Bei_2P.fastq.gz 1-QF-PE150/Bei_2U.fastq.gz
Input Read Pairs: 730979 Both Surviving: 304648 (41.68%) Forward Only Surviving: 368591 (50.42%) Reverse Only Surviving: 5685 (0.78%) Dropped: 52055 (7.12%)
TrimmomaticPE: Completed successfully

TrimmomaticPE: Started with arguments:
 -threads 4 -phred33 ../../02-Data/SCap/PE150/16Scap_Bei_3_CAGCGATT-ACAGCAAC__R1_001.fastq.gz ../../02-Data/SCap/PE150/16Scap_Bei_3_CAGCGATT-ACAGCAAC__R2_001.fastq.gz -baseout 1-QF-PE150/Bei.fastq.gz SLIDINGWINDOW:3:20 MINLEN:75
Using templated Output files: 1-QF-PE150/Bei_1P.fastq.gz 1-QF-PE150/Bei_1U.fastq.gz 1-QF-PE150/Bei_2P.fastq.gz 1-QF-PE150/Bei_2U.fastq.gz
Input Read Pairs: 1585431 Both Surviving: 624758 (39.41%) Forward Only Surviving: 828922 (52.28%) Reverse Only Surviving: 12452 (0.79%) Dropped: 119299 (7.52%)
TrimmomaticPE: Completed successfully

TrimmomaticPE: Started with arguments:
 -threads 4 -phred33 ../../02-Data/SCap/PE150/16Scap_Bei_4_CAGCGATT-AGTCGACA__R1_001.fastq.gz ../../02-Data/SCap/PE150/16Scap_Bei_4_CAGCGATT-AGTCGACA__R2_001.fastq.gz -baseout 1-QF-PE150/Bei.fastq.gz SLIDINGWINDOW:3:20 MINLEN:75
Using templated Output files: 1-QF-PE150/Bei_1P.fastq.gz 1-QF-PE150/Bei_1U.fastq.gz 1-QF-PE150/Bei_2P.fastq.gz 1-QF-PE150/Bei_2U.fastq.gz
Input Read Pairs: 1790077 Both Surviving: 658704 (36.80%) Forward Only Surviving: 981773 (54.85%) Reverse Only Surviving: 11483 (0.64%) Dropped: 138117 (7.72%)
TrimmomaticPE: Completed successfully
