Max memory cannot be determined.  Attempting to use 3200 MB.
If this fails, please add the -Xmx flag (e.g. -Xmx24g) to your command, 
or run this program qsubbed or from a qlogin session on Genepool, or set ulimit to an appropriate value.
java -Djava.library.path=/Users/Jincheng/local/bbmap/jni/ -ea -Xmx3200m -cp /Users/Jincheng/local/bbmap/current/ align2.BBMap build=1 overwrite=true fastareadlen=500 in=1-QF/Bei-4_1P.fastq.gz in2=1-QF/Bei-4_2P.fastq.gz maxindel=20 minid=0.76 rcs=t killbadpairs=t pairlen=400 rescuedist=600 apd=100 outm=3-BBMAP/Bei-4_mapped.sam printunmappedcount=t covstats=3-BBMAP/Bei-4.cov.txt
Executing align2.BBMap [build=1, overwrite=true, fastareadlen=500, in=1-QF/Bei-4_1P.fastq.gz, in2=1-QF/Bei-4_2P.fastq.gz, maxindel=20, minid=0.76, rcs=t, killbadpairs=t, pairlen=400, rescuedist=600, apd=100, outm=3-BBMAP/Bei-4_mapped.sam, printunmappedcount=t, covstats=3-BBMAP/Bei-4.cov.txt]
Version 37.87 [build=1, overwrite=true, fastareadlen=500, in=1-QF/Bei-4_1P.fastq.gz, in2=1-QF/Bei-4_2P.fastq.gz, maxindel=20, minid=0.76, rcs=t, killbadpairs=t, pairlen=400, rescuedist=600, apd=100, outm=3-BBMAP/Bei-4_mapped.sam, printunmappedcount=t, covstats=3-BBMAP/Bei-4.cov.txt]

Retaining first best site only for ambiguous mappings.
Set MINIMUM_ALIGNMENT_SCORE_RATIO to 0.559
Set genome to 1

Loaded Reference:	1.153 seconds.
Loading index for chunk 1-1, build 1
Generated Index:	1.013 seconds.
Analyzed Index:   	2.150 seconds.
Started output stream:	0.106 seconds.
Cleared Memory:    	0.175 seconds.
Processing reads in paired-ended mode.
Started read stream.
Started 4 mapping threads.
Detecting finished threads: 0, 1, 2, 3

   ------------------   Results   ------------------   

Genome:                	1
Key Length:            	13
Max Indel:             	20
Minimum Score Ratio:  	0.55888
Mapping Mode:         	normal
Reads Used:           	5018888	(631048519 bases)

Mapping:          	136.367 seconds.
Reads/sec:       	36804.36
kBases/sec:      	4627.59


Pairing data:   	pct pairs	num pairs 	pct bases	   num bases

mated pairs:     	  0.0960% 	     2409 	  0.0999% 	      630716
bad pairs:       	  0.0000% 	        0 	  0.0000% 	           0
insert size avg: 	  443.39
unmapped:        	 99.7939% 	  5008542 	 99.7996% 	   629783758


Read 1 data:      	pct reads	num reads 	pct bases	   num bases

mapped:          	  0.1527% 	     3832 	  0.1505% 	      498087
unambiguous:     	  0.0475% 	     1192 	  0.0475% 	      157249
ambiguous:       	  0.1052% 	     2640 	  0.1030% 	      340838
low-Q discards:  	  0.0000% 	        0 	  0.0000% 	           0

perfect best site:	  0.0860% 	     2157 	  0.0839% 	      277915
semiperfect site:	  0.0959% 	     2406 	  0.0938% 	      310657
rescued:         	  0.0027% 	       68

Match Rate:      	      NA 	       NA 	 96.9071% 	      482858
Error Rate:      	 38.0719% 	     1556 	  1.2182% 	        6070
Sub Rate:        	 37.9496% 	     1551 	  1.1516% 	        5738
Del Rate:        	  2.0798% 	       85 	  0.0365% 	         182
Ins Rate:        	  1.7372% 	       71 	  0.0301% 	         150
N Rate:          	  8.7350% 	      357 	  1.8747% 	        9341


Read 2 data:      	pct reads	num reads 	pct bases	   num bases

mapped:          	  0.1494% 	     3750 	  0.1438% 	      431474
unambiguous:     	  0.0454% 	     1140 	  0.0451% 	      135367
ambiguous:       	  0.1040% 	     2610 	  0.0987% 	      296107
low-Q discards:  	  0.0000% 	        0 	  0.0000% 	           0

perfect best site:	  0.0802% 	     2013 	  0.0763% 	      229012
semiperfect site:	  0.0902% 	     2263 	  0.0859% 	      257622
rescued:         	  0.0037% 	       92

Match Rate:      	      NA 	       NA 	 96.4829% 	      416426
Error Rate:      	 38.0195% 	     1601 	  1.3570% 	        5857
Sub Rate:        	 37.9007% 	     1596 	  1.3139% 	        5671
Del Rate:        	  1.7336% 	       73 	  0.0306% 	         132
Ins Rate:        	  0.9736% 	       41 	  0.0125% 	          54
N Rate:          	  8.5015% 	      358 	  2.1601% 	        9323

Reads:                               	5018888
Mapped reads:                        	7582
Mapped bases:                        	929561
Ref scaffolds:                       	99322
Ref bases:                           	142290491

Percent mapped:                      	0.151
Percent proper pairs:                	0.096
Average coverage:                    	0.007
Standard deviation:                    	0.278
Percent scaffolds with any coverage: 	1.00
Percent of reference bases covered:  	0.20

Total time:     	143.680 seconds.
