Max memory cannot be determined.  Attempting to use 3200 MB.
If this fails, please add the -Xmx flag (e.g. -Xmx24g) to your command, 
or run this program qsubbed or from a qlogin session on Genepool, or set ulimit to an appropriate value.
java -Djava.library.path=/Users/Jincheng/local/bbmap/jni/ -ea -Xmx3200m -cp /Users/Jincheng/local/bbmap/current/ align2.BBMap build=1 overwrite=true fastareadlen=500 in=1-QF/Bei-2_1P.fastq.gz in2=1-QF/Bei-2_2P.fastq.gz maxindel=20 minid=0.76 rcs=t killbadpairs=t pairlen=400 rescuedist=600 apd=100 outm=3-BBMAP/Bei-2_mapped.sam printunmappedcount=t covstats=3-BBMAP/Bei-2.cov.txt
Executing align2.BBMap [build=1, overwrite=true, fastareadlen=500, in=1-QF/Bei-2_1P.fastq.gz, in2=1-QF/Bei-2_2P.fastq.gz, maxindel=20, minid=0.76, rcs=t, killbadpairs=t, pairlen=400, rescuedist=600, apd=100, outm=3-BBMAP/Bei-2_mapped.sam, printunmappedcount=t, covstats=3-BBMAP/Bei-2.cov.txt]
Version 37.87 [build=1, overwrite=true, fastareadlen=500, in=1-QF/Bei-2_1P.fastq.gz, in2=1-QF/Bei-2_2P.fastq.gz, maxindel=20, minid=0.76, rcs=t, killbadpairs=t, pairlen=400, rescuedist=600, apd=100, outm=3-BBMAP/Bei-2_mapped.sam, printunmappedcount=t, covstats=3-BBMAP/Bei-2.cov.txt]

Retaining first best site only for ambiguous mappings.
Set MINIMUM_ALIGNMENT_SCORE_RATIO to 0.559
Set genome to 1

Loaded Reference:	1.148 seconds.
Loading index for chunk 1-1, build 1
Generated Index:	1.010 seconds.
Analyzed Index:   	2.185 seconds.
Started output stream:	0.204 seconds.
Cleared Memory:    	0.180 seconds.
Processing reads in paired-ended mode.
Started read stream.
Started 4 mapping threads.
Detecting finished threads: 0, 1, 2, 3

   ------------------   Results   ------------------   

Genome:                	1
Key Length:            	13
Max Indel:             	20
Minimum Score Ratio:  	0.55888
Mapping Mode:         	normal
Reads Used:           	2526564	(320409089 bases)

Mapping:          	67.009 seconds.
Reads/sec:       	37704.85
kBases/sec:      	4781.58


Pairing data:   	pct pairs	num pairs 	pct bases	   num bases

mated pairs:     	  0.0923% 	     1166 	  0.0955% 	      306088
bad pairs:       	  0.0000% 	        0 	  0.0000% 	           0
insert size avg: 	  421.25
unmapped:        	 99.8188% 	  2521986 	 99.8236% 	   319843844


Read 1 data:      	pct reads	num reads 	pct bases	   num bases

mapped:          	  0.1392% 	     1758 	  0.1372% 	      229679
unambiguous:     	  0.0418% 	      528 	  0.0418% 	       69986
ambiguous:       	  0.0974% 	     1230 	  0.0954% 	      159693
low-Q discards:  	  0.0000% 	        0 	  0.0000% 	           0

perfect best site:	  0.0875% 	     1105 	  0.0852% 	      142566
semiperfect site:	  0.0989% 	     1250 	  0.0965% 	      161519
rescued:         	  0.0028% 	       35

Match Rate:      	      NA 	       NA 	 97.4701% 	      223884
Error Rate:      	 31.6821% 	      582 	  0.7005% 	        1609
Sub Rate:        	 31.5732% 	      580 	  0.6587% 	        1513
Del Rate:        	  0.5988% 	       11 	  0.0070% 	          16
Ins Rate:        	  0.9799% 	       18 	  0.0348% 	          80
N Rate:          	  9.3631% 	      172 	  1.8294% 	        4202


Read 2 data:      	pct reads	num reads 	pct bases	   num bases

mapped:          	  0.1343% 	     1697 	  0.1289% 	      197290
unambiguous:     	  0.0394% 	      498 	  0.0388% 	       59351
ambiguous:       	  0.0949% 	     1199 	  0.0901% 	      137939
low-Q discards:  	  0.0000% 	        0 	  0.0000% 	           0

perfect best site:	  0.0819% 	     1035 	  0.0779% 	      119304
semiperfect site:	  0.0915% 	     1156 	  0.0870% 	      133233
rescued:         	  0.0025% 	       31

Match Rate:      	      NA 	       NA 	 97.3894% 	      192163
Error Rate:      	 31.7792% 	      593 	  0.7622% 	        1504
Sub Rate:        	 31.6184% 	      590 	  0.7404% 	        1461
Del Rate:        	  0.8574% 	       16 	  0.0122% 	          24
Ins Rate:        	  0.3751% 	        7 	  0.0096% 	          19
N Rate:          	  8.5209% 	      159 	  1.8483% 	        3647

Reads:                               	2526564
Mapped reads:                        	3455
Mapped bases:                        	426969
Ref scaffolds:                       	99322
Ref bases:                           	142290491

Percent mapped:                      	0.137
Percent proper pairs:                	0.092
Average coverage:                    	0.003
Standard deviation:                    	0.163
Percent scaffolds with any coverage: 	0.60
Percent of reference bases covered:  	0.11

Total time:     	74.303 seconds.
