Max memory cannot be determined.  Attempting to use 3200 MB.
If this fails, please add the -Xmx flag (e.g. -Xmx24g) to your command, 
or run this program qsubbed or from a qlogin session on Genepool, or set ulimit to an appropriate value.
java -Djava.library.path=/Users/Jincheng/local/bbmap/jni/ -ea -Xmx3200m -cp /Users/Jincheng/local/bbmap/current/ align2.BBMap build=1 overwrite=true fastareadlen=500 in=1-QF/Bei-12_1P.fastq.gz in2=1-QF/Bei-12_2P.fastq.gz maxindel=20 minid=0.76 rcs=t killbadpairs=t pairlen=400 rescuedist=600 apd=100 outm=3-BBMAP/Bei-12_mapped.sam printunmappedcount=t covstats=3-BBMAP/Bei-12.cov.txt
Executing align2.BBMap [build=1, overwrite=true, fastareadlen=500, in=1-QF/Bei-12_1P.fastq.gz, in2=1-QF/Bei-12_2P.fastq.gz, maxindel=20, minid=0.76, rcs=t, killbadpairs=t, pairlen=400, rescuedist=600, apd=100, outm=3-BBMAP/Bei-12_mapped.sam, printunmappedcount=t, covstats=3-BBMAP/Bei-12.cov.txt]
Version 37.87 [build=1, overwrite=true, fastareadlen=500, in=1-QF/Bei-12_1P.fastq.gz, in2=1-QF/Bei-12_2P.fastq.gz, maxindel=20, minid=0.76, rcs=t, killbadpairs=t, pairlen=400, rescuedist=600, apd=100, outm=3-BBMAP/Bei-12_mapped.sam, printunmappedcount=t, covstats=3-BBMAP/Bei-12.cov.txt]

Retaining first best site only for ambiguous mappings.
Set MINIMUM_ALIGNMENT_SCORE_RATIO to 0.559
Set genome to 1

Loaded Reference:	1.113 seconds.
Loading index for chunk 1-1, build 1
Generated Index:	1.010 seconds.
Analyzed Index:   	2.137 seconds.
Started output stream:	0.115 seconds.
Cleared Memory:    	0.191 seconds.
Processing reads in paired-ended mode.
Started read stream.
Started 4 mapping threads.
Detecting finished threads: 0, 1, 2, 3

   ------------------   Results   ------------------   

Genome:                	1
Key Length:            	13
Max Indel:             	20
Minimum Score Ratio:  	0.55888
Mapping Mode:         	normal
Reads Used:           	3212242	(414950598 bases)

Mapping:          	91.921 seconds.
Reads/sec:       	34945.53
kBases/sec:      	4514.19


Pairing data:   	pct pairs	num pairs 	pct bases	   num bases

mated pairs:     	  0.1037% 	     1665 	  0.1063% 	      441028
bad pairs:       	  0.0000% 	        0 	  0.0000% 	           0
insert size avg: 	  379.75
unmapped:        	 99.8203% 	  3206470 	 99.8229% 	   414215904


Read 1 data:      	pct reads	num reads 	pct bases	   num bases

mapped:          	  0.1453% 	     2333 	  0.1447% 	      308577
unambiguous:     	  0.0428% 	      688 	  0.0436% 	       92944
ambiguous:       	  0.1024% 	     1645 	  0.1011% 	      215633
low-Q discards:  	  0.0000% 	        0 	  0.0000% 	           0

perfect best site:	  0.0898% 	     1443 	  0.0891% 	      189981
semiperfect site:	  0.1027% 	     1649 	  0.1020% 	      217438
rescued:         	  0.0040% 	       64

Match Rate:      	      NA 	       NA 	 97.5392% 	      301008
Error Rate:      	 32.8840% 	      805 	  0.6147% 	        1897
Sub Rate:        	 32.7614% 	      802 	  0.5982% 	        1846
Del Rate:        	  0.6944% 	       17 	  0.0081% 	          25
Ins Rate:        	  0.4085% 	       10 	  0.0084% 	          26
N Rate:          	  8.7827% 	      215 	  1.8461% 	        5697


Read 2 data:      	pct reads	num reads 	pct bases	   num bases

mapped:          	  0.1381% 	     2218 	  0.1345% 	      271205
unambiguous:     	  0.0412% 	      662 	  0.0408% 	       82292
ambiguous:       	  0.0969% 	     1556 	  0.0937% 	      188913
low-Q discards:  	  0.0000% 	        0 	  0.0000% 	           0

perfect best site:	  0.0853% 	     1370 	  0.0827% 	      166757
semiperfect site:	  0.0966% 	     1552 	  0.0938% 	      189222
rescued:         	  0.0037% 	       59

Match Rate:      	      NA 	       NA 	 97.4619% 	      264376
Error Rate:      	 30.5078% 	      745 	  0.7122% 	        1932
Sub Rate:        	 30.3030% 	      740 	  0.6743% 	        1829
Del Rate:        	  1.2285% 	       30 	  0.0206% 	          56
Ins Rate:        	  0.6962% 	       17 	  0.0173% 	          47
N Rate:          	  9.4185% 	      230 	  1.8259% 	        4953

Reads:                               	3212242
Mapped reads:                        	4551
Mapped bases:                        	579782
Ref scaffolds:                       	99322
Ref bases:                           	142290491

Percent mapped:                      	0.142
Percent proper pairs:                	0.104
Average coverage:                    	0.004
Standard deviation:                    	0.201
Percent scaffolds with any coverage: 	0.75
Percent of reference bases covered:  	0.15

Total time:     	98.998 seconds.
