Max memory cannot be determined.  Attempting to use 3200 MB.
If this fails, please add the -Xmx flag (e.g. -Xmx24g) to your command, 
or run this program qsubbed or from a qlogin session on Genepool, or set ulimit to an appropriate value.
java -Djava.library.path=/Users/Jincheng/local/bbmap/jni/ -ea -Xmx3200m -cp /Users/Jincheng/local/bbmap/current/ align2.BBWrap build=1 overwrite=true fastareadlen=500 in=1-QF/Bei-1_1U.fastq.gz,1-QF/Bei-1_2U.fastq.gz maxindel=20 minid=0.76 outm=3-BBMAP/Bei-1_mapped_1U.sam,3-BBMAP/Bei-1_mapped_2U.sam printunmappedcount=t
Executing align2.BBWrap [build=1, overwrite=true, fastareadlen=500, in=1-QF/Bei-1_1U.fastq.gz,1-QF/Bei-1_2U.fastq.gz, maxindel=20, minid=0.76, outm=3-BBMAP/Bei-1_mapped_1U.sam,3-BBMAP/Bei-1_mapped_2U.sam, printunmappedcount=t]

Executing align2.BBMap [build=1, overwrite=true, fastareadlen=500, maxindel=20, minid=0.76, printunmappedcount=t, in=1-QF/Bei-1_1U.fastq.gz, outm=3-BBMAP/Bei-1_mapped_1U.sam]
Version 37.87 [build=1, overwrite=true, fastareadlen=500, maxindel=20, minid=0.76, printunmappedcount=t, in=1-QF/Bei-1_1U.fastq.gz, outm=3-BBMAP/Bei-1_mapped_1U.sam]

Retaining first best site only for ambiguous mappings.
Set MINIMUM_ALIGNMENT_SCORE_RATIO to 0.559
Set genome to 1

Loaded Reference:	1.147 seconds.
Loading index for chunk 1-1, build 1
Generated Index:	1.010 seconds.
Analyzed Index:   	1.927 seconds.
Started output stream:	0.071 seconds.
Cleared Memory:    	0.135 seconds.
Processing reads in single-ended mode.
Started read stream.
Started 4 mapping threads.
Detecting finished threads: 0, 1, 2, 3

   ------------------   Results   ------------------   

Genome:                	1
Key Length:            	13
Max Indel:             	20
Minimum Score Ratio:  	0.55888
Mapping Mode:         	normal
Reads Used:           	1370159	(161242032 bases)

Mapping:          	39.298 seconds.
Reads/sec:       	34865.70
kBases/sec:      	4103.04

unmapped:        	 99.7781% 	  1367118 	 99.7800% 	   160887262


Read 1 data:      	pct reads	num reads 	pct bases	   num bases

mapped:          	  0.2219% 	     3041 	  0.2200% 	      354770
unambiguous:     	  0.0365% 	      500 	  0.0373% 	       60120
ambiguous:       	  0.1855% 	     2541 	  0.1827% 	      294650
low-Q discards:  	  0.0000% 	        0 	  0.0000% 	           0

perfect best site:	  0.1133% 	     1552 	  0.1103% 	      177887
semiperfect site:	  0.1228% 	     1682 	  0.1197% 	      193000

Match Rate:      	      NA 	       NA 	 96.6892% 	      343122
Error Rate:      	 42.8086% 	     1387 	  1.5389% 	        5461
Sub Rate:        	 42.8086% 	     1387 	  1.4901% 	        5288
Del Rate:        	  1.9753% 	       64 	  0.0285% 	         101
Ins Rate:        	  1.5123% 	       49 	  0.0203% 	          72
N Rate:          	  8.4568% 	      274 	  1.7719% 	        6288

Total time:     	43.669 seconds.
Executing align2.BBMap [build=1, overwrite=true, fastareadlen=500, maxindel=20, minid=0.76, printunmappedcount=t, indexloaded=t, in=1-QF/Bei-1_2U.fastq.gz, outm=3-BBMAP/Bei-1_mapped_2U.sam]
Version 37.87 [build=1, overwrite=true, fastareadlen=500, maxindel=20, minid=0.76, printunmappedcount=t, indexloaded=t, in=1-QF/Bei-1_2U.fastq.gz, outm=3-BBMAP/Bei-1_mapped_2U.sam]

Retaining first best site only for ambiguous mappings.
Set MINIMUM_ALIGNMENT_SCORE_RATIO to 0.559
Started output stream:	0.030 seconds.
Cleared Memory:    	0.169 seconds.
Processing reads in single-ended mode.
Started read stream.
Started 4 mapping threads.
Detecting finished threads: 0, 1, 2, 3

   ------------------   Results   ------------------   

Genome:                	1
Key Length:            	13
Max Indel:             	20
Minimum Score Ratio:  	0.55888
Mapping Mode:         	normal
Reads Used:           	77208	(8196021 bases)

Mapping:          	2.128 seconds.
Reads/sec:       	36279.95
kBases/sec:      	3851.30

unmapped:        	 99.8122% 	    77063 	 99.8154% 	     8180889


Read 1 data:      	pct reads	num reads 	pct bases	   num bases

mapped:          	  0.1878% 	      145 	  0.1846% 	       15132
unambiguous:     	  0.0259% 	       20 	  0.0250% 	        2047
ambiguous:       	  0.1619% 	      125 	  0.1597% 	       13085
low-Q discards:  	  0.0000% 	        0 	  0.0000% 	           0

perfect best site:	  0.0984% 	       76 	  0.0975% 	        7994
semiperfect site:	  0.1127% 	       87 	  0.1124% 	        9212

Match Rate:      	      NA 	       NA 	 96.2735% 	       14571
Error Rate:      	 40.5229% 	       62 	  1.6320% 	         247
Sub Rate:        	 40.5229% 	       62 	  1.5923% 	         241
Del Rate:        	  1.9608% 	        3 	  0.0198% 	           3
Ins Rate:        	  1.9608% 	        3 	  0.0198% 	           3
N Rate:          	 10.4575% 	       16 	  2.0945% 	         317

Total time:     	2.330 seconds.
