Max memory cannot be determined.  Attempting to use 3200 MB.
If this fails, please add the -Xmx flag (e.g. -Xmx24g) to your command, 
or run this program qsubbed or from a qlogin session on Genepool, or set ulimit to an appropriate value.
java -Djava.library.path=/Users/Jincheng/local/bbmap/jni/ -ea -Xmx3200m -cp /Users/Jincheng/local/bbmap/current/ align2.BBMap build=1 overwrite=true fastareadlen=500 in=1-QF2/JW-S18_1P.fastq.gz in2=1-QF2/JW-S18_2P.fastq.gz maxindel=20 minid=0.76 rcs=t killbadpairs=t pairlen=400 rescuedist=600 apd=100 outm=3-BBMAP/JW-S18_mapped.sam printunmappedcount=t covstats=3-BBMAP/JW-S18.cov.txt
Executing align2.BBMap [build=1, overwrite=true, fastareadlen=500, in=1-QF2/JW-S18_1P.fastq.gz, in2=1-QF2/JW-S18_2P.fastq.gz, maxindel=20, minid=0.76, rcs=t, killbadpairs=t, pairlen=400, rescuedist=600, apd=100, outm=3-BBMAP/JW-S18_mapped.sam, printunmappedcount=t, covstats=3-BBMAP/JW-S18.cov.txt]
Version 37.87 [build=1, overwrite=true, fastareadlen=500, in=1-QF2/JW-S18_1P.fastq.gz, in2=1-QF2/JW-S18_2P.fastq.gz, maxindel=20, minid=0.76, rcs=t, killbadpairs=t, pairlen=400, rescuedist=600, apd=100, outm=3-BBMAP/JW-S18_mapped.sam, printunmappedcount=t, covstats=3-BBMAP/JW-S18.cov.txt]

Retaining first best site only for ambiguous mappings.
Set MINIMUM_ALIGNMENT_SCORE_RATIO to 0.559
Set genome to 1

Loaded Reference:	1.119 seconds.
Loading index for chunk 1-1, build 1
Generated Index:	1.022 seconds.
Analyzed Index:   	2.169 seconds.
Started output stream:	0.087 seconds.
Cleared Memory:    	0.185 seconds.
Processing reads in paired-ended mode.
Started read stream.
Started 4 mapping threads.
Detecting finished threads: 0, 1, 2, 3

   ------------------   Results   ------------------   

Genome:                	1
Key Length:            	13
Max Indel:             	20
Minimum Score Ratio:  	0.55888
Mapping Mode:         	normal
Reads Used:           	3859628	(558093669 bases)

Mapping:          	125.490 seconds.
Reads/sec:       	30756.37
kBases/sec:      	4447.30


Pairing data:   	pct pairs	num pairs 	pct bases	   num bases

mated pairs:     	  0.1100% 	     2123 	  0.1121% 	      625638
bad pairs:       	  0.0001% 	        1 	  0.0001% 	         302
insert size avg: 	  285.94
unmapped:        	 99.8373% 	  3853348 	 99.8371% 	   557184520


Read 1 data:      	pct reads	num reads 	pct bases	   num bases

mapped:          	  0.1374% 	     2652 	  0.1378% 	      390527
unambiguous:     	  0.0666% 	     1286 	  0.0670% 	      189912
ambiguous:       	  0.0708% 	     1366 	  0.0708% 	      200615
low-Q discards:  	  0.0000% 	        0 	  0.0000% 	           0

perfect best site:	  0.0610% 	     1177 	  0.0611% 	      173202
semiperfect site:	  0.0665% 	     1283 	  0.0666% 	      188561
rescued:         	  0.0036% 	       69

Match Rate:      	      NA 	       NA 	 96.0814% 	      375364
Error Rate:      	 50.8481% 	     1409 	  1.5458% 	        6039
Sub Rate:        	 50.5955% 	     1402 	  1.4401% 	        5626
Del Rate:        	  1.2270% 	       34 	  0.0374% 	         146
Ins Rate:        	  1.5157% 	       42 	  0.0683% 	         267
N Rate:          	 10.2129% 	      283 	  2.3728% 	        9270


Read 2 data:      	pct reads	num reads 	pct bases	   num bases

mapped:          	  0.1353% 	     2612 	  0.1358% 	      373170
unambiguous:     	  0.0671% 	     1294 	  0.0678% 	      186213
ambiguous:       	  0.0683% 	     1318 	  0.0680% 	      186957
low-Q discards:  	  0.0000% 	        0 	  0.0000% 	           0

perfect best site:	  0.0591% 	     1140 	  0.0592% 	      162541
semiperfect site:	  0.0650% 	     1254 	  0.0649% 	      178371
rescued:         	  0.0040% 	       77

Match Rate:      	      NA 	       NA 	 95.8989% 	      358077
Error Rate:      	 50.1065% 	     1412 	  1.6168% 	        6037
Sub Rate:        	 49.7871% 	     1403 	  1.4971% 	        5590
Del Rate:        	  1.4549% 	       41 	  0.0589% 	         220
Ins Rate:        	  1.5614% 	       44 	  0.0608% 	         227
N Rate:          	 10.7168% 	      302 	  2.4843% 	        9276

Reads:                               	3859628
Mapped reads:                        	5264
Mapped bases:                        	763697
Ref scaffolds:                       	99322
Ref bases:                           	142290491

Percent mapped:                      	0.136
Percent proper pairs:                	0.110
Average coverage:                    	0.005
Standard deviation:                    	0.384
Percent scaffolds with any coverage: 	0.72
Percent of reference bases covered:  	0.15

Total time:     	132.634 seconds.
