This is cutadapt 1.15 with Python 2.7.13
Command line parameters: -j 1 -g GTGCCAGCMGCCGCGGTAA -G GACTACHVGGGTATCTAATCC -e 0.1 -n 1 -O 15 -o BG11_trim_R1.fastq.gz --untrimmed-output=BG11_untrim_R1.fastq.gz -p BG11_trim_R2.fastq.gz --untrimmed-paired-output=BG11_untrim_R2.fastq.gz ../../02-Data/AmpliconSeq/BG11_R1.fastq.gz ../../02-Data/AmpliconSeq/BG11_R2.fastq.gz
Running on 1 core
Trimming 2 adapters with at most 10.0% errors in paired-end mode ...
Finished in 1.38 s (56 us/read; 1.08 M reads/minute).

=== Summary ===

Total read pairs processed:             24,892
  Read 1 with adapter:                  24,794 (99.6%)
  Read 2 with adapter:                  24,565 (98.7%)
Pairs written (passing filters):        24,892 (100.0%)

Total basepairs processed:    12,440,628 bp
  Read 1:     6,215,432 bp
  Read 2:     6,225,196 bp
Total written (filtered):     11,183,015 bp (89.9%)
  Read 1:     5,620,853 bp
  Read 2:     5,562,162 bp

=== First read: Adapter 1 ===

Sequence: GTGCCAGCMGCCGCGGTAA; Type: regular 5'; Length: 19; Trimmed: 24794 times.

No. of allowed errors:
0-9 bp: 0; 10-19 bp: 1

Overview of removed sequences
length	count	expect	max.err	error counts
19	2	0.0	1	0 2
20	1	0.0	1	1
21	7	0.0	1	2 5
22	21	0.0	1	10 11
23	480	0.0	1	102 378
24	24219	0.0	1	23804 415
25	59	0.0	1	13 46
27	3	0.0	1	3
30	2	0.0	1	2

=== Second read: Adapter 2 ===

Sequence: GACTACHVGGGTATCTAATCC; Type: regular 5'; Length: 21; Trimmed: 24565 times.

No. of allowed errors:
0-9 bp: 0; 10-19 bp: 1; 20-21 bp: 2

Overview of removed sequences
length	count	expect	max.err	error counts
15	1	0.0	1	1
17	1	0.0	1	0 1
18	1	0.0	1	0 1
20	1	0.0	2	0 0 1
21	2	0.0	2	0 1 1
23	3	0.0	2	2 1
24	6	0.0	2	2 2 2
25	9	0.0	2	3 3 3
26	191	0.0	2	28 100 63
27	24291	0.0	2	12073 11791 427
28	58	0.0	2	12 26 20
37	1	0.0	2	0 1

This is cutadapt 1.15 with Python 2.7.13
Command line parameters: -j 1 -g GTGCCAGCMGCCGCGGTAA -G GACTACHVGGGTATCTAATCC -e 0.1 -n 1 -O 15 -o BG12_trim_R1.fastq.gz --untrimmed-output=BG12_untrim_R1.fastq.gz -p BG12_trim_R2.fastq.gz --untrimmed-paired-output=BG12_untrim_R2.fastq.gz ../../02-Data/AmpliconSeq/BG12_R1.fastq.gz ../../02-Data/AmpliconSeq/BG12_R2.fastq.gz
Running on 1 core
Trimming 2 adapters with at most 10.0% errors in paired-end mode ...
Finished in 1.66 s (58 us/read; 1.03 M reads/minute).

=== Summary ===

Total read pairs processed:             28,576
  Read 1 with adapter:                  28,473 (99.6%)
  Read 2 with adapter:                  28,291 (99.0%)
Pairs written (passing filters):        28,576 (100.0%)

Total basepairs processed:    14,282,035 bp
  Read 1:     7,134,316 bp
  Read 2:     7,147,719 bp
Total written (filtered):     12,835,623 bp (89.9%)
  Read 1:     6,451,583 bp
  Read 2:     6,384,040 bp

=== First read: Adapter 1 ===

Sequence: GTGCCAGCMGCCGCGGTAA; Type: regular 5'; Length: 19; Trimmed: 28473 times.

No. of allowed errors:
0-9 bp: 0; 10-19 bp: 1

Overview of removed sequences
length	count	expect	max.err	error counts
16	1	0.0	1	0 1
17	2	0.0	1	1 1
19	4	0.0	1	0 4
20	4	0.0	1	4
21	11	0.0	1	5 6
22	26	0.0	1	7 19
23	551	0.0	1	160 391
24	27803	0.0	1	27364 439
25	70	0.0	1	23 47
29	1	0.0	1	1

=== Second read: Adapter 2 ===

Sequence: GACTACHVGGGTATCTAATCC; Type: regular 5'; Length: 21; Trimmed: 28291 times.

No. of allowed errors:
0-9 bp: 0; 10-19 bp: 1; 20-21 bp: 2

Overview of removed sequences
length	count	expect	max.err	error counts
15	3	0.0	1	1 2
16	1	0.0	1	0 1
19	1	0.0	1	0 0 1
21	4	0.0	2	3 0 1
22	1	0.0	2	0 1
23	3	0.0	2	0 3
24	11	0.0	2	1 9 1
25	11	0.0	2	2 3 6
26	262	0.0	2	51 131 80
27	27913	0.0	2	13959 13579 375
28	75	0.0	2	10 39 26
29	2	0.0	2	0 0 2
65	2	0.0	2	0 1 1
67	2	0.0	2	0 2

This is cutadapt 1.15 with Python 2.7.13
Command line parameters: -j 1 -g GTGCCAGCMGCCGCGGTAA -G GACTACHVGGGTATCTAATCC -e 0.1 -n 1 -O 15 -o BG13_trim_R1.fastq.gz --untrimmed-output=BG13_untrim_R1.fastq.gz -p BG13_trim_R2.fastq.gz --untrimmed-paired-output=BG13_untrim_R2.fastq.gz ../../02-Data/AmpliconSeq/BG13_R1.fastq.gz ../../02-Data/AmpliconSeq/BG13_R2.fastq.gz
Running on 1 core
Trimming 2 adapters with at most 10.0% errors in paired-end mode ...
Finished in 1.39 s (53 us/read; 1.14 M reads/minute).

=== Summary ===

Total read pairs processed:             26,344
  Read 1 with adapter:                  26,247 (99.6%)
  Read 2 with adapter:                  26,121 (99.2%)
Pairs written (passing filters):        26,344 (100.0%)

Total basepairs processed:    13,165,674 bp
  Read 1:     6,576,976 bp
  Read 2:     6,588,698 bp
Total written (filtered):     11,831,288 bp (89.9%)
  Read 1:     5,947,607 bp
  Read 2:     5,883,681 bp

=== First read: Adapter 1 ===

Sequence: GTGCCAGCMGCCGCGGTAA; Type: regular 5'; Length: 19; Trimmed: 26247 times.

No. of allowed errors:
0-9 bp: 0; 10-19 bp: 1

Overview of removed sequences
length	count	expect	max.err	error counts
15	1	0.0	1	1
20	3	0.0	1	3
21	6	0.0	1	1 5
22	17	0.0	1	7 10
23	532	0.0	1	124 408
24	25642	0.0	1	25200 442
25	46	0.0	1	17 29

=== Second read: Adapter 2 ===

Sequence: GACTACHVGGGTATCTAATCC; Type: regular 5'; Length: 21; Trimmed: 26121 times.

No. of allowed errors:
0-9 bp: 0; 10-19 bp: 1; 20-21 bp: 2

Overview of removed sequences
length	count	expect	max.err	error counts
17	1	0.0	1	1
20	1	0.0	2	0 1
22	6	0.0	2	0 1 5
23	2	0.0	2	0 2
24	3	0.0	2	0 3
25	14	0.0	2	2 3 9
26	226	0.0	2	42 103 81
27	25810	0.0	2	13034 12502 274
28	57	0.0	2	4 29 24
38	1	0.0	2	0 0 1

This is cutadapt 1.15 with Python 2.7.13
Command line parameters: -j 1 -g GTGCCAGCMGCCGCGGTAA -G GACTACHVGGGTATCTAATCC -e 0.1 -n 1 -O 15 -o BG14_trim_R1.fastq.gz --untrimmed-output=BG14_untrim_R1.fastq.gz -p BG14_trim_R2.fastq.gz --untrimmed-paired-output=BG14_untrim_R2.fastq.gz ../../02-Data/AmpliconSeq/BG14_R1.fastq.gz ../../02-Data/AmpliconSeq/BG14_R2.fastq.gz
Running on 1 core
Trimming 2 adapters with at most 10.0% errors in paired-end mode ...
Finished in 1.73 s (72 us/read; 0.83 M reads/minute).

=== Summary ===

Total read pairs processed:             23,894
  Read 1 with adapter:                  23,810 (99.6%)
  Read 2 with adapter:                  23,675 (99.1%)
Pairs written (passing filters):        23,894 (100.0%)

Total basepairs processed:    11,945,179 bp
  Read 1:     5,968,258 bp
  Read 2:     5,976,921 bp
Total written (filtered):     10,735,257 bp (89.9%)
  Read 1:     5,397,367 bp
  Read 2:     5,337,890 bp

=== First read: Adapter 1 ===

Sequence: GTGCCAGCMGCCGCGGTAA; Type: regular 5'; Length: 19; Trimmed: 23810 times.

No. of allowed errors:
0-9 bp: 0; 10-19 bp: 1

Overview of removed sequences
length	count	expect	max.err	error counts
17	2	0.0	1	0 2
19	2	0.0	1	0 2
20	5	0.0	1	2 3
21	6	0.0	1	1 5
22	26	0.0	1	14 12
23	491	0.0	1	127 364
24	23225	0.0	1	22852 373
25	51	0.0	1	13 38
26	1	0.0	1	1
27	1	0.0	1	1

=== Second read: Adapter 2 ===

Sequence: GACTACHVGGGTATCTAATCC; Type: regular 5'; Length: 21; Trimmed: 23675 times.

No. of allowed errors:
0-9 bp: 0; 10-19 bp: 1; 20-21 bp: 2

Overview of removed sequences
length	count	expect	max.err	error counts
22	1	0.0	2	0 1
24	6	0.0	2	0 4 2
25	14	0.0	2	5 5 4
26	202	0.0	2	37 101 64
27	23394	0.0	2	11676 11412 306
28	57	0.0	2	10 23 24
29	1	0.0	2	0 1

This is cutadapt 1.15 with Python 2.7.13
Command line parameters: -j 1 -g GTGCCAGCMGCCGCGGTAA -G GACTACHVGGGTATCTAATCC -e 0.1 -n 1 -O 15 -o BG1_trim_R1.fastq.gz --untrimmed-output=BG1_untrim_R1.fastq.gz -p BG1_trim_R2.fastq.gz --untrimmed-paired-output=BG1_untrim_R2.fastq.gz ../../02-Data/AmpliconSeq/BG1_R1.fastq.gz ../../02-Data/AmpliconSeq/BG1_R2.fastq.gz
Running on 1 core
Trimming 2 adapters with at most 10.0% errors in paired-end mode ...
Finished in 7.36 s (71 us/read; 0.84 M reads/minute).

=== Summary ===

Total read pairs processed:            103,564
  Read 1 with adapter:                 103,288 (99.7%)
  Read 2 with adapter:                 102,520 (99.0%)
Pairs written (passing filters):       103,564 (100.0%)

Total basepairs processed:    51,786,215 bp
  Read 1:    25,879,869 bp
  Read 2:    25,906,346 bp
Total written (filtered):     46,540,951 bp (89.9%)
  Read 1:    23,402,515 bp
  Read 2:    23,138,436 bp

=== First read: Adapter 1 ===

Sequence: GTGCCAGCMGCCGCGGTAA; Type: regular 5'; Length: 19; Trimmed: 103288 times.

No. of allowed errors:
0-9 bp: 0; 10-19 bp: 1

Overview of removed sequences
length	count	expect	max.err	error counts
17	1	0.0	1	0 1
18	5	0.0	1	2 3
19	7	0.0	1	1 6
20	4	0.0	1	4
21	14	0.0	1	12 2
22	69	0.0	1	36 33
23	1619	0.0	1	383 1236
24	101349	0.0	1	99982 1367
25	212	0.0	1	74 138
26	2	0.0	1	0 2
29	1	0.0	1	1
30	2	0.0	1	2
56	3	0.0	1	3

=== Second read: Adapter 2 ===

Sequence: GACTACHVGGGTATCTAATCC; Type: regular 5'; Length: 21; Trimmed: 102520 times.

No. of allowed errors:
0-9 bp: 0; 10-19 bp: 1; 20-21 bp: 2

Overview of removed sequences
length	count	expect	max.err	error counts
15	1	0.0	1	1
18	2	0.0	1	0 2
19	2	0.0	1	0 2
21	4	0.0	2	0 2 2
22	2	0.0	2	2
23	7	0.0	2	3 4
24	15	0.0	2	5 4 6
25	50	0.0	2	6 16 28
26	898	0.0	2	163 466 269
27	101271	0.0	2	52611 47185 1475
28	243	0.0	2	38 124 81
31	1	0.0	2	0 1
32	3	0.0	2	0 2 1
36	2	0.0	2	2
61	1	0.0	2	0 0 1
63	2	0.0	2	1 0 1
64	1	0.0	2	0 0 1
65	3	0.0	2	0 0 3
66	2	0.0	2	1 1
67	5	0.0	2	0 2 3
68	4	0.0	2	2 0 2
69	1	0.0	2	0 0 1

This is cutadapt 1.15 with Python 2.7.13
Command line parameters: -j 1 -g GTGCCAGCMGCCGCGGTAA -G GACTACHVGGGTATCTAATCC -e 0.1 -n 1 -O 15 -o BG2_trim_R1.fastq.gz --untrimmed-output=BG2_untrim_R1.fastq.gz -p BG2_trim_R2.fastq.gz --untrimmed-paired-output=BG2_untrim_R2.fastq.gz ../../02-Data/AmpliconSeq/BG2_R1.fastq.gz ../../02-Data/AmpliconSeq/BG2_R2.fastq.gz
Running on 1 core
Trimming 2 adapters with at most 10.0% errors in paired-end mode ...
Finished in 8.81 s (71 us/read; 0.84 M reads/minute).

=== Summary ===

Total read pairs processed:            124,012
  Read 1 with adapter:                 123,609 (99.7%)
  Read 2 with adapter:                 122,825 (99.0%)
Pairs written (passing filters):       124,012 (100.0%)

Total basepairs processed:    61,995,378 bp
  Read 1:    30,976,805 bp
  Read 2:    31,018,573 bp
Total written (filtered):     55,715,096 bp (89.9%)
  Read 1:    28,012,254 bp
  Read 2:    27,702,842 bp

=== First read: Adapter 1 ===

Sequence: GTGCCAGCMGCCGCGGTAA; Type: regular 5'; Length: 19; Trimmed: 123609 times.

No. of allowed errors:
0-9 bp: 0; 10-19 bp: 1

Overview of removed sequences
length	count	expect	max.err	error counts
17	1	0.0	1	1
18	2	0.0	1	0 2
19	6	0.0	1	1 5
20	11	0.0	1	8 3
21	16	0.0	1	14 2
22	92	0.0	1	47 45
23	2057	0.0	1	539 1518
24	121161	0.0	1	119444 1717
25	256	0.0	1	73 183
26	3	0.0	1	3
30	3	0.0	1	3
61	1	0.0	1	1

=== Second read: Adapter 2 ===

Sequence: GACTACHVGGGTATCTAATCC; Type: regular 5'; Length: 21; Trimmed: 122825 times.

No. of allowed errors:
0-9 bp: 0; 10-19 bp: 1; 20-21 bp: 2

Overview of removed sequences
length	count	expect	max.err	error counts
17	1	0.0	1	1
19	1	0.0	1	0 1
20	1	0.0	2	0 1
21	1	0.0	2	0 1
22	5	0.0	2	0 4 1
23	10	0.0	2	5 5
24	8	0.0	2	2 3 3
25	51	0.0	2	3 14 34
26	1051	0.0	2	163 594 294
27	121354	0.0	2	63697 56439 1218
28	330	0.0	2	41 165 124
29	1	0.0	2	0 0 1
55	2	0.0	2	0 0 2
56	1	0.0	2	0 1
57	1	0.0	2	0 1
63	1	0.0	2	0 0 1
67	1	0.0	2	1
68	4	0.0	2	0 2 2
69	1	0.0	2	0 0 1

This is cutadapt 1.15 with Python 2.7.13
Command line parameters: -j 1 -g GTGCCAGCMGCCGCGGTAA -G GACTACHVGGGTATCTAATCC -e 0.1 -n 1 -O 15 -o BG3_trim_R1.fastq.gz --untrimmed-output=BG3_untrim_R1.fastq.gz -p BG3_trim_R2.fastq.gz --untrimmed-paired-output=BG3_untrim_R2.fastq.gz ../../02-Data/AmpliconSeq/BG3_R1.fastq.gz ../../02-Data/AmpliconSeq/BG3_R2.fastq.gz
Running on 1 core
Trimming 2 adapters with at most 10.0% errors in paired-end mode ...
Finished in 6.64 s (64 us/read; 0.94 M reads/minute).

=== Summary ===

Total read pairs processed:            103,699
  Read 1 with adapter:                 103,386 (99.7%)
  Read 2 with adapter:                 102,459 (98.8%)
Pairs written (passing filters):       103,699 (100.0%)

Total basepairs processed:    51,866,474 bp
  Read 1:    25,922,380 bp
  Read 2:    25,944,094 bp
Total written (filtered):     46,621,293 bp (89.9%)
  Read 1:    23,442,847 bp
  Read 2:    23,178,446 bp

=== First read: Adapter 1 ===

Sequence: GTGCCAGCMGCCGCGGTAA; Type: regular 5'; Length: 19; Trimmed: 103386 times.

No. of allowed errors:
0-9 bp: 0; 10-19 bp: 1

Overview of removed sequences
length	count	expect	max.err	error counts
15	1	0.0	1	1
18	1	0.0	1	0 1
19	6	0.0	1	3 3
20	8	0.0	1	5 3
21	12	0.0	1	3 9
22	62	0.0	1	31 31
23	1749	0.0	1	394 1355
24	101326	0.0	1	99915 1411
25	215	0.0	1	70 145
28	2	0.0	1	2
32	4	0.0	1	4

=== Second read: Adapter 2 ===

Sequence: GACTACHVGGGTATCTAATCC; Type: regular 5'; Length: 21; Trimmed: 102459 times.

No. of allowed errors:
0-9 bp: 0; 10-19 bp: 1; 20-21 bp: 2

Overview of removed sequences
length	count	expect	max.err	error counts
15	1	0.0	1	0 1
16	3	0.0	1	0 3
19	1	0.0	1	0 1
20	3	0.0	2	2 0 1
21	7	0.0	2	0 3 4
22	4	0.0	2	0 0 4
23	7	0.0	2	1 4 2
24	8	0.0	2	1 3 4
25	43	0.0	2	10 5 28
26	825	0.0	2	124 433 268
27	101270	0.0	2	52886 47058 1326
28	280	0.0	2	41 140 99
29	3	0.0	2	0 0 3
32	2	0.0	2	1 0 1
37	1	0.0	2	0 1
75	1	0.0	2	1

This is cutadapt 1.15 with Python 2.7.13
Command line parameters: -j 1 -g GTGCCAGCMGCCGCGGTAA -G GACTACHVGGGTATCTAATCC -e 0.1 -n 1 -O 15 -o BG4_trim_R1.fastq.gz --untrimmed-output=BG4_untrim_R1.fastq.gz -p BG4_trim_R2.fastq.gz --untrimmed-paired-output=BG4_untrim_R2.fastq.gz ../../02-Data/AmpliconSeq/BG4_R1.fastq.gz ../../02-Data/AmpliconSeq/BG4_R2.fastq.gz
Running on 1 core
Trimming 2 adapters with at most 10.0% errors in paired-end mode ...
Finished in 6.43 s (70 us/read; 0.86 M reads/minute).

=== Summary ===

Total read pairs processed:             91,773
  Read 1 with adapter:                  91,492 (99.7%)
  Read 2 with adapter:                  90,941 (99.1%)
Pairs written (passing filters):        91,773 (100.0%)

Total basepairs processed:    45,876,817 bp
  Read 1:    22,919,900 bp
  Read 2:    22,956,917 bp
Total written (filtered):     41,227,462 bp (89.9%)
  Read 1:    20,725,728 bp
  Read 2:    20,501,734 bp

=== First read: Adapter 1 ===

Sequence: GTGCCAGCMGCCGCGGTAA; Type: regular 5'; Length: 19; Trimmed: 91492 times.

No. of allowed errors:
0-9 bp: 0; 10-19 bp: 1

Overview of removed sequences
length	count	expect	max.err	error counts
15	1	0.0	1	1
16	1	0.0	1	1
18	1	0.0	1	0 1
19	4	0.0	1	3 1
20	7	0.0	1	5 2
21	18	0.0	1	13 5
22	72	0.0	1	31 41
23	1590	0.0	1	396 1194
24	89591	0.0	1	88310 1281
25	202	0.0	1	66 136
26	2	0.0	1	2
29	1	0.0	1	0 1
30	2	0.0	1	2

=== Second read: Adapter 2 ===

Sequence: GACTACHVGGGTATCTAATCC; Type: regular 5'; Length: 21; Trimmed: 90941 times.

No. of allowed errors:
0-9 bp: 0; 10-19 bp: 1; 20-21 bp: 2

Overview of removed sequences
length	count	expect	max.err	error counts
15	1	0.0	1	1
17	2	0.0	1	2
19	1	0.0	1	0 1
21	4	0.0	2	0 1 3
22	2	0.0	2	0 0 2
23	7	0.0	2	4 2 1
24	16	0.0	2	3 8 5
25	41	0.0	2	9 7 25
26	702	0.0	2	146 368 188
27	89891	0.0	2	47879 41157 855
28	254	0.0	2	33 125 96
29	5	0.0	2	0 0 5
33	3	0.0	2	0 3
38	1	0.0	2	0 0 1
56	1	0.0	2	0 0 1
60	1	0.0	2	0 0 1
64	2	0.0	2	0 1 1
66	2	0.0	2	0 1 1
67	3	0.0	2	0 1 2
68	1	0.0	2	0 0 1
69	1	0.0	2	0 0 1

