This is cutadapt 1.15 with Python 2.7.13
Command line parameters: -j 1 -g CCTACGGGNGGCWGCAG -G GACTACHVGGGTATCTAATCC -e 0.1 -n 1 -O 15 -o JWHM276D_trim_R1.fastq.gz --untrimmed-output=JWHM276D_untrim_R1.fastq.gz -p JWHM276D_trim_R2.fastq.gz --untrimmed-paired-output=JWHM276D_untrim_R2.fastq.gz ../../02-Data/AmpliconSeq/HM276D-Amplicon-JW-R1.fastq.gz ../../02-Data/AmpliconSeq/HM276D-Amplicon-JW-R2.fastq.gz
Running on 1 core
Trimming 2 adapters with at most 10.0% errors in paired-end mode ...
Finished in 6.81 s (50 us/read; 1.20 M reads/minute).

=== Summary ===

Total read pairs processed:            136,184
  Read 1 with adapter:                 105,417 (77.4%)
  Read 2 with adapter:                  99,269 (72.9%)
Pairs written (passing filters):       136,184 (100.0%)

Total basepairs processed:    66,606,584 bp
  Read 1:    33,207,927 bp
  Read 2:    33,398,657 bp
Total written (filtered):     61,229,891 bp (91.9%)
  Read 1:    30,574,160 bp
  Read 2:    30,655,731 bp

=== First read: Adapter 1 ===

Sequence: CCTACGGGNGGCWGCAG; Type: regular 5'; Length: 17; Trimmed: 105417 times.

No. of allowed errors:
0-9 bp: 0; 10-17 bp: 1

Overview of removed sequences
length	count	expect	max.err	error counts
16	1	0.0	1	1
18	1	0.0	1	1
19	4	0.0	1	4
20	9	0.0	1	8 1
21	13	0.0	1	12 1
22	225	0.0	1	218 7
23	226	0.0	1	206 20
24	2869	0.0	1	776 2093
25	101812	0.0	1	99226 2586
26	236	0.0	1	89 147
28	2	0.0	1	2
29	1	0.0	1	1
34	1	0.0	1	1
35	1	0.0	1	0 1
38	1	0.0	1	1
48	1	0.0	1	1
167	9	0.0	1	9
181	4	0.0	1	4
297	1	0.0	1	1

=== Second read: Adapter 2 ===

Sequence: GACTACHVGGGTATCTAATCC; Type: regular 5'; Length: 21; Trimmed: 99269 times.

No. of allowed errors:
0-9 bp: 0; 10-19 bp: 1; 20-21 bp: 2

Overview of removed sequences
length	count	expect	max.err	error counts
16	2	0.0	1	0 2
17	2	0.0	1	2
18	3	0.0	1	1 2
19	4	0.0	1	2 2
20	5	0.0	2	1 3 1
21	10	0.0	2	4 4 2
22	10	0.0	2	2 4 4
23	25	0.0	2	12 9 4
24	36	0.0	2	17 14 5
25	138	0.0	2	35 18 85
26	1777	0.0	2	406 978 393
27	52814	0.0	2	44671 6031 2112
28	23902	0.0	2	19845 3189 868
29	20383	0.0	2	16986 2573 824
30	151	0.0	2	20 112 19
31	3	0.0	2	2 0 1
33	1	0.0	2	0 1
34	1	0.0	2	0 1
36	1	0.0	2	0 1
42	1	0.0	2	1

This is cutadapt 1.15 with Python 2.7.13
Command line parameters: -j 1 -g CCTACGGGNGGCWGCAG -G GACTACHVGGGTATCTAATCC -e 0.1 -n 1 -O 15 -o JWHM277D_trim_R1.fastq.gz --untrimmed-output=JWHM277D_untrim_R1.fastq.gz -p JWHM277D_trim_R2.fastq.gz --untrimmed-paired-output=JWHM277D_untrim_R2.fastq.gz ../../02-Data/AmpliconSeq/HM277D-Amplicon-JW-R1.fastq.gz ../../02-Data/AmpliconSeq/HM277D-Amplicon-JW-R2.fastq.gz
Running on 1 core
Trimming 2 adapters with at most 10.0% errors in paired-end mode ...
Finished in 8.35 s (74 us/read; 0.81 M reads/minute).

=== Summary ===

Total read pairs processed:            112,373
  Read 1 with adapter:                 112,030 (99.7%)
  Read 2 with adapter:                 105,352 (93.8%)
Pairs written (passing filters):       112,373 (100.0%)

Total basepairs processed:    67,437,430 bp
  Read 1:    33,790,907 bp
  Read 2:    33,646,523 bp
Total written (filtered):     61,807,249 bp (91.7%)
  Read 1:    31,103,544 bp
  Read 2:    30,703,705 bp

=== First read: Adapter 1 ===

Sequence: CCTACGGGNGGCWGCAG; Type: regular 5'; Length: 17; Trimmed: 112030 times.

No. of allowed errors:
0-9 bp: 0; 10-17 bp: 1

Overview of removed sequences
length	count	expect	max.err	error counts
17	3	0.0	1	2 1
18	1	0.0	1	1
19	2	0.0	1	1 1
20	9	0.0	1	7 2
21	22	0.0	1	15 7
22	313	0.0	1	288 25
23	1410	0.0	1	632 778
24	109816	0.0	1	106315 3501
25	446	0.0	1	274 172
33	1	0.0	1	1
34	1	0.0	1	1
37	1	0.0	1	1
38	2	0.0	1	2
42	1	0.0	1	1
44	1	0.0	1	1
298	1	0.0	1	1

=== Second read: Adapter 2 ===

Sequence: GACTACHVGGGTATCTAATCC; Type: regular 5'; Length: 21; Trimmed: 105352 times.

No. of allowed errors:
0-9 bp: 0; 10-19 bp: 1; 20-21 bp: 2

Overview of removed sequences
length	count	expect	max.err	error counts
15	2	0.0	1	0 2
16	4	0.0	1	1 3
17	9	0.0	1	6 3
19	4	0.0	1	2 2
20	11	0.0	2	4 2 5
21	15	0.0	2	5 4 6
22	16	0.0	2	7 2 7
23	23	0.0	2	12 4 7
24	36	0.0	2	9 20 7
25	121	0.0	2	36 18 67
26	1441	0.0	2	322 789 330
27	41522	0.0	2	35627 4289 1606
28	24007	0.0	2	20281 2769 957
29	38010	0.0	2	32736 3825 1449
30	122	0.0	2	21 81 20
31	1	0.0	2	0 0 1
33	1	0.0	2	1
37	1	0.0	2	0 1
38	2	0.0	2	2
47	1	0.0	2	1
58	1	0.0	2	1
59	1	0.0	2	1
143	1	0.0	2	0 0 1

This is cutadapt 1.15 with Python 2.7.13
Command line parameters: -j 1 -g CCTACGGGNGGCWGCAG -G GACTACHVGGGTATCTAATCC -e 0.1 -n 1 -O 15 -o JWS09_trim_R1.fastq.gz --untrimmed-output=JWS09_untrim_R1.fastq.gz -p JWS09_trim_R2.fastq.gz --untrimmed-paired-output=JWS09_untrim_R2.fastq.gz ../../02-Data/AmpliconSeq/S09-Amplicon-JW-R1.fastq.gz ../../02-Data/AmpliconSeq/S09-Amplicon-JW-R2.fastq.gz
Running on 1 core
Trimming 2 adapters with at most 10.0% errors in paired-end mode ...
Finished in 4.66 s (86 us/read; 0.70 M reads/minute).

=== Summary ===

Total read pairs processed:             54,014
  Read 1 with adapter:                  53,732 (99.5%)
  Read 2 with adapter:                  52,992 (98.1%)
Pairs written (passing filters):        54,014 (100.0%)

Total basepairs processed:    32,398,748 bp
  Read 1:    16,200,329 bp
  Read 2:    16,198,419 bp
Total written (filtered):     29,674,967 bp (91.6%)
  Read 1:    14,910,991 bp
  Read 2:    14,763,976 bp

=== First read: Adapter 1 ===

Sequence: CCTACGGGNGGCWGCAG; Type: regular 5'; Length: 17; Trimmed: 53732 times.

No. of allowed errors:
0-9 bp: 0; 10-17 bp: 1

Overview of removed sequences
length	count	expect	max.err	error counts
15	1	0.0	1	1
16	2	0.0	1	0 2
17	1	0.0	1	1
18	2	0.0	1	1 1
19	1	0.0	1	1
20	3	0.0	1	3
21	13	0.0	1	10 3
22	38	0.0	1	33 5
23	394	0.0	1	220 174
24	53169	0.0	1	52535 634
25	101	0.0	1	43 58
30	2	0.0	1	2
36	1	0.0	1	1
51	1	0.0	1	1
53	1	0.0	1	1
59	1	0.0	1	1
148	1	0.0	1	1

=== Second read: Adapter 2 ===

Sequence: GACTACHVGGGTATCTAATCC; Type: regular 5'; Length: 21; Trimmed: 52992 times.

No. of allowed errors:
0-9 bp: 0; 10-19 bp: 1; 20-21 bp: 2

Overview of removed sequences
length	count	expect	max.err	error counts
16	1	0.0	1	1
17	3	0.0	1	3
18	2	0.0	1	0 2
19	1	0.0	1	1
20	7	0.0	2	3 1 3
21	3	0.0	2	2 0 1
22	4	0.0	2	1 2 1
23	10	0.0	2	5 1 4
24	28	0.0	2	9 9 10
25	250	0.0	2	75 130 45
26	14727	0.0	2	13938 602 187
27	18954	0.0	2	17884 904 166
28	18932	0.0	2	18116 651 165
29	60	0.0	2	18 34 8
30	4	0.0	2	0 0 4
31	1	0.0	2	1
32	2	0.0	2	1 1
39	1	0.0	2	1
63	1	0.0	2	0 1
65	1	0.0	2	0 1

This is cutadapt 1.15 with Python 2.7.13
Command line parameters: -j 1 -g CCTACGGGNGGCWGCAG -G GACTACHVGGGTATCTAATCC -e 0.1 -n 1 -O 15 -o JWS12_trim_R1.fastq.gz --untrimmed-output=JWS12_untrim_R1.fastq.gz -p JWS12_trim_R2.fastq.gz --untrimmed-paired-output=JWS12_untrim_R2.fastq.gz ../../02-Data/AmpliconSeq/S12-Amplicon-JW-R1.fastq.gz ../../02-Data/AmpliconSeq/S12-Amplicon-JW-R2.fastq.gz
Running on 1 core
Trimming 2 adapters with at most 10.0% errors in paired-end mode ...
Finished in 5.15 s (82 us/read; 0.73 M reads/minute).

=== Summary ===

Total read pairs processed:             62,567
  Read 1 with adapter:                  62,256 (99.5%)
  Read 2 with adapter:                  61,489 (98.3%)
Pairs written (passing filters):        62,567 (100.0%)

Total basepairs processed:    37,507,767 bp
  Read 1:    18,748,641 bp
  Read 2:    18,759,126 bp
Total written (filtered):     34,304,029 bp (91.5%)
  Read 1:    17,254,810 bp
  Read 2:    17,049,219 bp

=== First read: Adapter 1 ===

Sequence: CCTACGGGNGGCWGCAG; Type: regular 5'; Length: 17; Trimmed: 62256 times.

No. of allowed errors:
0-9 bp: 0; 10-17 bp: 1

Overview of removed sequences
length	count	expect	max.err	error counts
15	3	0.0	1	3
16	1	0.0	1	1
17	2	0.0	1	1 1
18	3	0.0	1	2 1
19	2	0.0	1	2
20	9	0.0	1	7 2
21	13	0.0	1	10 3
22	31	0.0	1	27 4
23	422	0.0	1	230 192
24	61650	0.0	1	60911 739
25	115	0.0	1	49 66
26	1	0.0	1	1
27	1	0.0	1	1
31	1	0.0	1	1
32	1	0.0	1	1
212	1	0.0	1	1

=== Second read: Adapter 2 ===

Sequence: GACTACHVGGGTATCTAATCC; Type: regular 5'; Length: 21; Trimmed: 61489 times.

No. of allowed errors:
0-9 bp: 0; 10-19 bp: 1; 20-21 bp: 2

Overview of removed sequences
length	count	expect	max.err	error counts
16	1	0.0	1	1
17	2	0.0	1	0 2
19	1	0.0	1	1
21	8	0.0	2	7 0 1
22	6	0.0	2	0 4 2
23	7	0.0	2	4 2 1
24	18	0.0	2	9 8 1
25	44	0.0	2	12 4 28
26	549	0.0	2	126 355 68
27	27459	0.0	2	26318 897 244
28	16356	0.0	2	15453 763 140
29	16957	0.0	2	16124 665 168
30	78	0.0	2	11 62 5
31	1	0.0	2	1
34	1	0.0	2	0 0 1
52	1	0.0	2	1

This is cutadapt 1.15 with Python 2.7.13
Command line parameters: -j 1 -g CCTACGGGNGGCWGCAG -G GACTACHVGGGTATCTAATCC -e 0.1 -n 1 -O 15 -o JWS14_trim_R1.fastq.gz --untrimmed-output=JWS14_untrim_R1.fastq.gz -p JWS14_trim_R2.fastq.gz --untrimmed-paired-output=JWS14_untrim_R2.fastq.gz ../../02-Data/AmpliconSeq/S14-Amplicon-JW-R1.fastq.gz ../../02-Data/AmpliconSeq/S14-Amplicon-JW-R2.fastq.gz
Running on 1 core
Trimming 2 adapters with at most 10.0% errors in paired-end mode ...
Finished in 6.18 s (84 us/read; 0.71 M reads/minute).

=== Summary ===

Total read pairs processed:             73,208
  Read 1 with adapter:                  71,292 (97.4%)
  Read 2 with adapter:                  70,197 (95.9%)
Pairs written (passing filters):        73,208 (100.0%)

Total basepairs processed:    43,117,460 bp
  Read 1:    21,558,060 bp
  Read 2:    21,559,400 bp
Total written (filtered):     39,419,322 bp (91.4%)
  Read 1:    19,775,981 bp
  Read 2:    19,643,341 bp

=== First read: Adapter 1 ===

Sequence: CCTACGGGNGGCWGCAG; Type: regular 5'; Length: 17; Trimmed: 71292 times.

No. of allowed errors:
0-9 bp: 0; 10-17 bp: 1

Overview of removed sequences
length	count	expect	max.err	error counts
18	3	0.0	1	3
19	3	0.0	1	2 1
20	4	0.0	1	4
21	5	0.0	1	5
22	7	0.0	1	7
23	39	0.0	1	36 3
24	581	0.0	1	330 251
25	70451	0.0	1	69743 708
26	194	0.0	1	74 120
32	1	0.0	1	1
36	1	0.0	1	1
56	1	0.0	1	1
155	1	0.0	1	1
190	1	0.0	1	1

=== Second read: Adapter 2 ===

Sequence: GACTACHVGGGTATCTAATCC; Type: regular 5'; Length: 21; Trimmed: 70197 times.

No. of allowed errors:
0-9 bp: 0; 10-19 bp: 1; 20-21 bp: 2

Overview of removed sequences
length	count	expect	max.err	error counts
16	1	0.0	1	1
17	1	0.0	1	1
18	1	0.0	1	0 1
19	2	0.0	1	0 2
20	1	0.0	2	0 0 1
21	5	0.0	2	0 0 5
22	4	0.0	2	0 2 2
23	13	0.0	2	7 5 1
24	74	0.0	2	39 11 24
25	425	0.0	2	91 289 45
26	26091	0.0	2	24751 1076 264
27	19289	0.0	2	18354 762 173
28	686	0.0	2	223 410 53
29	23450	0.0	2	22344 926 180
30	151	0.0	2	19 125 7
31	1	0.0	2	0 0 1
32	1	0.0	2	1
37	1	0.0	2	1

This is cutadapt 1.15 with Python 2.7.13
Command line parameters: -j 1 -g CCTACGGGNGGCWGCAG -G GACTACHVGGGTATCTAATCC -e 0.1 -n 1 -O 15 -o JWS18_trim_R1.fastq.gz --untrimmed-output=JWS18_untrim_R1.fastq.gz -p JWS18_trim_R2.fastq.gz --untrimmed-paired-output=JWS18_untrim_R2.fastq.gz ../../02-Data/AmpliconSeq/S18-Amplicon-JW-R1.fastq.gz ../../02-Data/AmpliconSeq/S18-Amplicon-JW-R2.fastq.gz
Running on 1 core
Trimming 2 adapters with at most 10.0% errors in paired-end mode ...
Finished in 4.69 s (84 us/read; 0.71 M reads/minute).

=== Summary ===

Total read pairs processed:             55,841
  Read 1 with adapter:                  49,598 (88.8%)
  Read 2 with adapter:                  48,772 (87.3%)
Pairs written (passing filters):        55,841 (100.0%)

Total basepairs processed:    30,404,075 bp
  Read 1:    15,191,872 bp
  Read 2:    15,212,203 bp
Total written (filtered):     27,981,368 bp (92.0%)
  Read 1:    14,100,438 bp
  Read 2:    13,880,930 bp

=== First read: Adapter 1 ===

Sequence: CCTACGGGNGGCWGCAG; Type: regular 5'; Length: 17; Trimmed: 49598 times.

No. of allowed errors:
0-9 bp: 0; 10-17 bp: 1

Overview of removed sequences
length	count	expect	max.err	error counts
16	2	0.0	1	2
17	3	0.0	1	2 1
18	9	0.0	1	9
19	16	0.0	1	12 4
20	44	0.0	1	37 7
21	447	0.0	1	248 199
22	48958	0.0	1	48386 572
23	110	0.0	1	51 59
24	2	0.0	1	2
30	1	0.0	1	1
36	1	0.0	1	1
43	1	0.0	1	1
153	1	0.0	1	1
187	1	0.0	1	1
257	1	0.0	1	1
258	1	0.0	1	1

=== Second read: Adapter 2 ===

Sequence: GACTACHVGGGTATCTAATCC; Type: regular 5'; Length: 21; Trimmed: 48772 times.

No. of allowed errors:
0-9 bp: 0; 10-19 bp: 1; 20-21 bp: 2

Overview of removed sequences
length	count	expect	max.err	error counts
19	1	0.0	1	1
20	2	0.0	2	1 1
21	4	0.0	2	2 1 1
22	4	0.0	2	1 0 3
23	13	0.0	2	6 2 5
24	47	0.0	2	31 6 10
25	288	0.0	2	67 180 41
26	20553	0.0	2	19490 860 203
27	9779	0.0	2	9154 508 117
28	520	0.0	2	153 319 48
29	17418	0.0	2	16485 719 214
30	141	0.0	2	22 116 3
34	1	0.0	2	0 0 1
58	1	0.0	2	0 0 1

This is cutadapt 1.15 with Python 2.7.13
Command line parameters: -j 1 -g CCTACGGGNGGCWGCAG -G GACTACHVGGGTATCTAATCC -e 0.1 -n 1 -O 15 -o JWS22_trim_R1.fastq.gz --untrimmed-output=JWS22_untrim_R1.fastq.gz -p JWS22_trim_R2.fastq.gz --untrimmed-paired-output=JWS22_untrim_R2.fastq.gz ../../02-Data/AmpliconSeq/S22-Amplicon-JW-R1.fastq.gz ../../02-Data/AmpliconSeq/S22-Amplicon-JW-R2.fastq.gz
Running on 1 core
Trimming 2 adapters with at most 10.0% errors in paired-end mode ...
Finished in 4.55 s (62 us/read; 0.96 M reads/minute).

=== Summary ===

Total read pairs processed:             72,931
  Read 1 with adapter:                  72,335 (99.2%)
  Read 2 with adapter:                  71,380 (97.9%)
Pairs written (passing filters):        72,931 (100.0%)

Total basepairs processed:    43,598,854 bp
  Read 1:    21,787,376 bp
  Read 2:    21,811,478 bp
Total written (filtered):     39,982,847 bp (91.7%)
  Read 1:    20,124,171 bp
  Read 2:    19,858,676 bp

=== First read: Adapter 1 ===

Sequence: CCTACGGGNGGCWGCAG; Type: regular 5'; Length: 17; Trimmed: 72335 times.

No. of allowed errors:
0-9 bp: 0; 10-17 bp: 1

Overview of removed sequences
length	count	expect	max.err	error counts
15	2	0.0	1	2
17	2	0.0	1	2
18	1	0.0	1	1
19	14	0.0	1	14
20	26	0.0	1	20 6
21	61	0.0	1	53 8
22	722	0.0	1	349 373
23	71277	0.0	1	70475 802
24	218	0.0	1	88 130
25	1	0.0	1	0 1
27	2	0.0	1	2
29	1	0.0	1	1
33	1	0.0	1	1
34	1	0.0	1	1
36	2	0.0	1	2
37	1	0.0	1	1
39	1	0.0	1	1
58	1	0.0	1	1
188	1	0.0	1	1

=== Second read: Adapter 2 ===

Sequence: GACTACHVGGGTATCTAATCC; Type: regular 5'; Length: 21; Trimmed: 71380 times.

No. of allowed errors:
0-9 bp: 0; 10-19 bp: 1; 20-21 bp: 2

Overview of removed sequences
length	count	expect	max.err	error counts
16	1	0.0	1	1
17	5	0.0	1	3 2
18	1	0.0	1	1
19	1	0.0	1	0 1
20	3	0.0	2	1 2
21	6	0.0	2	2 3 1
22	4	0.0	2	3 1
23	6	0.0	2	3 1 2
24	84	0.0	2	46 7 31
25	345	0.0	2	77 212 56
26	22278	0.0	2	21154 907 217
27	23893	0.0	2	22908 803 182
28	722	0.0	2	227 445 50
29	23882	0.0	2	22845 819 218
30	146	0.0	2	16 122 8
31	1	0.0	2	0 1
32	1	0.0	2	1
35	1	0.0	2	1

